{"meta": {"format": 3, "version": "7.11.0", "timestamp": "2025-11-13T21:48:00.570570", "branch_coverage": false, "show_contexts": false}, "files": {"src/simple_resume/__init__.py": {"executed_lines": [2, 27, 30, 33, 36, 39, 49, 59, 64, 67, 70, 73, 76, 81, 84], "summary": {"covered_lines": 14, "num_statements": 14, "percent_covered": 100.0, "percent_covered_display": "100", "missing_lines": 0, "excluded_lines": 0}, "missing_lines": [], "excluded_lines": [], "functions": {"": {"executed_lines": [2, 27, 30, 33, 36, 39, 49, 59, 64, 67, 70, 73, 76, 81, 84], "summary": {"covered_lines": 14, "num_statements": 14, "percent_covered": 100.0, "percent_covered_display": "100", "missing_lines": 0, "excluded_lines": 0}, "missing_lines": [], "excluded_lines": []}}, "classes": {"": {"executed_lines": [2, 27, 30, 33, 36, 39, 49, 59, 64, 67, 70, 73, 76, 81, 84], "summary": {"covered_lines": 14, "num_statements": 14, "percent_covered": 100.0, "percent_covered_display": "100", "missing_lines": 0, "excluded_lines": 0}, "missing_lines": [], "excluded_lines": []}}}, "src/simple_resume/api/__init__.py": {"executed_lines": [1, 10, 12, 14], "summary": {"covered_lines": 3, "num_statements": 3, "percent_covered": 100.0, "percent_covered_display": "100", "missing_lines": 0, "excluded_lines": 0}, "missing_lines": [], "excluded_lines": [], "functions": {"": {"executed_lines": [1, 10, 12, 14], "summary": {"covered_lines": 3, "num_statements": 3, "percent_covered": 100.0, "percent_covered_display": "100", "missing_lines": 0, "excluded_lines": 0}, "missing_lines": [], "excluded_lines": []}}, "classes": {"": {"executed_lines": [1, 10, 12, 14], "summary": {"covered_lines": 3, "num_statements": 3, "percent_covered": 100.0, "percent_covered_display": "100", "missing_lines": 0, "excluded_lines": 0}, "missing_lines": [], "excluded_lines": []}}}, "src/simple_resume/api/colors.py": {"executed_lines": [1, 8, 10, 12, 14, 17, 19, 20, 23], "summary": {"covered_lines": 8, "num_statements": 10, "percent_covered": 80.0, "percent_covered_display": "80", "missing_lines": 2, "excluded_lines": 0}, "missing_lines": [21, 22], "excluded_lines": [], "functions": {"calculate_text_color": {"executed_lines": [19, 20, 23], "summary": {"covered_lines": 3, "num_statements": 5, "percent_covered": 60.0, "percent_covered_display": "60", "missing_lines": 2, "excluded_lines": 0}, "missing_lines": [21, 22], "excluded_lines": []}, "": {"executed_lines": [1, 8, 10, 12, 14, 17], "summary": {"covered_lines": 5, "num_statements": 5, "percent_covered": 100.0, "percent_covered_display": "100", "missing_lines": 0, "excluded_lines": 0}, "missing_lines": [], "excluded_lines": []}}, "classes": {"": {"executed_lines": [1, 8, 10, 12, 14, 17, 19, 20, 23], "summary": {"covered_lines": 8, "num_statements": 10, "percent_covered": 80.0, "percent_covered_display": "80", "missing_lines": 2, "excluded_lines": 0}, "missing_lines": [21, 22], "excluded_lines": []}}}, "src/simple_resume/cli.py": {"executed_lines": [1, 3, 5, 6, 7, 8, 9, 10, 11, 13, 14, 15, 16, 22, 23, 24, 25, 26, 29, 30, 32, 33, 38, 49, 52, 53, 54, 55, 56, 57, 58, 59, 60, 61, 62, 63, 64, 65, 66, 67, 69, 70, 71, 74, 85, 86, 87, 89, 92, 94, 95, 96, 97, 98, 99, 101, 107, 108, 109, 110, 111, 112, 113, 114, 115, 118, 119, 122, 125, 127, 131, 137, 140, 144, 149, 156, 162, 167, 173, 179, 184, 189, 193, 194, 195, 200, 207, 211, 217, 222, 229, 233, 238, 245, 248, 250, 251, 252, 253, 254, 255, 256, 257, 258, 259, 260, 261, 266, 268, 272, 274, 275, 276, 277, 278, 279, 280, 282, 283, 284, 289, 292, 293, 294, 315, 316, 317, 320, 321, 322, 327, 329, 331, 332, 333, 334, 335, 336, 337, 342, 344, 346, 347, 349, 351, 352, 353, 354, 357, 359, 361, 362, 363, 371, 374, 388, 389, 390, 391, 393, 394, 395, 399, 400, 401, 402, 403, 404, 405, 406, 408, 411, 416, 426, 434, 477, 488, 489, 492, 493, 495, 501, 509, 513, 514, 516, 517, 518, 519, 521, 522, 523, 524, 525, 527, 528, 529, 533, 534, 542, 543, 544, 546, 547, 548, 549, 559, 573, 574, 575, 581, 583, 584, 590, 591, 592, 593, 594, 595, 596, 597, 598, 601, 602, 606, 607, 610, 611, 612, 613, 614, 615, 616, 642, 644, 645, 646, 647, 648, 650, 651, 657, 660, 661, 663, 666, 667, 669, 672, 674, 675, 678, 688, 689, 690, 691, 692, 694, 695, 697, 698, 699, 700, 701, 703, 708, 710, 711, 712, 713, 715, 718, 724, 725, 727, 728, 729, 731, 732, 734, 748, 758, 759, 760, 761, 762, 763, 764, 765, 766, 770, 772, 773, 774, 778, 779, 780, 781, 801, 804, 805, 808], "summary": {"covered_lines": 297, "num_statements": 420, "percent_covered": 70.71428571428571, "percent_covered_display": "71", "missing_lines": 123, "excluded_lines": 19}, "missing_lines": [116, 117, 285, 286, 287, 290, 295, 296, 297, 298, 299, 300, 301, 302, 303, 304, 305, 311, 312, 314, 318, 319, 360, 364, 365, 397, 409, 413, 439, 440, 441, 443, 444, 452, 453, 455, 456, 457, 458, 460, 473, 474, 478, 479, 480, 481, 483, 484, 485, 494, 497, 498, 502, 503, 504, 505, 506, 540, 541, 551, 560, 561, 562, 563, 564, 566, 567, 569, 570, 576, 577, 578, 585, 586, 587, 603, 604, 618, 619, 620, 621, 622, 623, 624, 625, 626, 627, 630, 631, 632, 633, 635, 636, 638, 639, 649, 652, 653, 654, 655, 656, 662, 668, 768, 769, 775, 776, 777, 783, 784, 785, 786, 788, 789, 790, 791, 792, 793, 794, 795, 797, 798, 799], "excluded_lines": [35, 36, 37, 118, 119, 262, 263, 323, 324, 338, 339, 445, 446, 447, 448, 449, 450, 808, 809], "functions": {"GenerationResultProtocol.exists": {"executed_lines": [], "summary": {"covered_lines": 0, "num_statements": 0, "percent_covered": 100.0, "percent_covered_display": "100", "missing_lines": 0, "excluded_lines": 1}, "missing_lines": [], "excluded_lines": [35]}, "_handle_unexpected_error": {"executed_lines": [49, 52, 53, 54, 55, 56, 57, 58, 59, 60, 61, 62, 63, 64, 65, 66, 67, 69, 70, 71, 74, 85, 86, 87, 89], "summary": {"covered_lines": 25, "num_statements": 25, "percent_covered": 100.0, "percent_covered_display": "100", "missing_lines": 0, "excluded_lines": 0}, "missing_lines": [], "excluded_lines": []}, "main": {"executed_lines": [94, 95, 96, 97, 98, 99, 101, 107, 108, 109, 110, 111, 112, 113, 114, 115, 118, 119], "summary": {"covered_lines": 16, "num_statements": 18, "percent_covered": 88.88888888888889, "percent_covered_display": "89", "missing_lines": 2, "excluded_lines": 2}, "missing_lines": [116, 117], "excluded_lines": [118, 119]}, "create_parser": {"executed_lines": [127, 131, 137, 140, 144, 149, 156, 162, 167, 173, 179, 184, 189, 193, 194, 195, 200, 207, 211, 217, 222, 229, 233, 238, 245], "summary": {"covered_lines": 25, "num_statements": 25, "percent_covered": 100.0, "percent_covered_display": "100", "missing_lines": 0, "excluded_lines": 0}, "missing_lines": [], "excluded_lines": []}, "handle_generate_command": {"executed_lines": [250, 251, 252, 253, 254, 255, 256, 257, 258, 259, 260, 261], "summary": {"covered_lines": 12, "num_statements": 12, "percent_covered": 100.0, "percent_covered_display": "100", "missing_lines": 0, "excluded_lines": 2}, "missing_lines": [], "excluded_lines": [262, 263]}, "handle_session_command": {"executed_lines": [268, 272, 274, 275, 276, 277, 278, 279, 280, 282, 283, 284, 289, 292, 293, 294, 315, 316, 317, 320, 321, 322], "summary": {"covered_lines": 22, "num_statements": 42, "percent_covered": 52.38095238095238, "percent_covered_display": "52", "missing_lines": 20, "excluded_lines": 2}, "missing_lines": [285, 286, 287, 290, 295, 296, 297, 298, 299, 300, 301, 302, 303, 304, 305, 311, 312, 314, 318, 319], "excluded_lines": [323, 324]}, "handle_validate_command": {"executed_lines": [329, 331, 332, 333, 334, 335, 336, 337], "summary": {"covered_lines": 8, "num_statements": 8, "percent_covered": 100.0, "percent_covered_display": "100", "missing_lines": 0, "excluded_lines": 2}, "missing_lines": [], "excluded_lines": [338, 339]}, "_resolve_cli_formats": {"executed_lines": [344, 346, 347, 349, 351, 352, 353, 354], "summary": {"covered_lines": 8, "num_statements": 8, "percent_covered": 100.0, "percent_covered_display": "100", "missing_lines": 0, "excluded_lines": 0}, "missing_lines": [], "excluded_lines": []}, "_coerce_output_format": {"executed_lines": [359, 361, 362, 363, 371], "summary": {"covered_lines": 5, "num_statements": 8, "percent_covered": 62.5, "percent_covered_display": "62", "missing_lines": 3, "excluded_lines": 0}, "missing_lines": [360, 364, 365], "excluded_lines": []}, "_summarize_batch_result": {"executed_lines": [388, 389, 390, 391, 393, 394, 395, 399, 400, 401, 402, 403, 404, 405, 406, 408, 411], "summary": {"covered_lines": 17, "num_statements": 20, "percent_covered": 85.0, "percent_covered_display": "85", "missing_lines": 3, "excluded_lines": 0}, "missing_lines": [397, 409, 413], "excluded_lines": []}, "_did_generation_succeed": {"executed_lines": [426], "summary": {"covered_lines": 1, "num_statements": 1, "percent_covered": 100.0, "percent_covered_display": "100", "missing_lines": 0, "excluded_lines": 0}, "missing_lines": [], "excluded_lines": []}, "_session_generate_resume": {"executed_lines": [], "summary": {"covered_lines": 0, "num_statements": 14, "percent_covered": 0.0, "percent_covered_display": "0", "missing_lines": 14, "excluded_lines": 6}, "missing_lines": [439, 440, 441, 443, 444, 452, 453, 455, 456, 457, 458, 460, 473, 474], "excluded_lines": [445, 446, 447, 448, 449, 450]}, "_session_list_resumes": {"executed_lines": [], "summary": {"covered_lines": 0, "num_statements": 7, "percent_covered": 0.0, "percent_covered_display": "0", "missing_lines": 7, "excluded_lines": 0}, "missing_lines": [478, 479, 480, 481, 483, 484, 485], "excluded_lines": []}, "_iter_yaml_files": {"executed_lines": [489, 492, 493, 495], "summary": {"covered_lines": 4, "num_statements": 7, "percent_covered": 57.142857142857146, "percent_covered_display": "57", "missing_lines": 3, "excluded_lines": 0}, "missing_lines": [494, 497, 498], "excluded_lines": []}, "_print_session_help": {"executed_lines": [], "summary": {"covered_lines": 0, "num_statements": 5, "percent_covered": 0.0, "percent_covered_display": "0", "missing_lines": 5, "excluded_lines": 0}, "missing_lines": [502, 503, 504, 505, 506], "excluded_lines": []}, "_run_session_generation": {"executed_lines": [513, 514, 516, 517, 518, 519, 521, 522, 523, 524, 525, 527, 528, 529, 533, 534, 542, 543, 544, 546, 547, 548, 549], "summary": {"covered_lines": 23, "num_statements": 26, "percent_covered": 88.46153846153847, "percent_covered_display": "88", "missing_lines": 3, "excluded_lines": 0}, "missing_lines": [540, 541, 551], "excluded_lines": []}, "_log_validation_result": {"executed_lines": [], "summary": {"covered_lines": 0, "num_statements": 9, "percent_covered": 0.0, "percent_covered_display": "0", "missing_lines": 9, "excluded_lines": 0}, "missing_lines": [560, 561, 562, 563, 564, 566, 567, 569, 570], "excluded_lines": []}, "_normalize_warnings": {"executed_lines": [574, 575], "summary": {"covered_lines": 2, "num_statements": 5, "percent_covered": 40.0, "percent_covered_display": "40", "missing_lines": 3, "excluded_lines": 0}, "missing_lines": [576, 577, 578], "excluded_lines": []}, "_normalize_errors": {"executed_lines": [583, 584], "summary": {"covered_lines": 2, "num_statements": 5, "percent_covered": 40.0, "percent_covered_display": "40", "missing_lines": 3, "excluded_lines": 0}, "missing_lines": [585, 586, 587], "excluded_lines": []}, "_validate_single_resume_cli": {"executed_lines": [591, 592, 593, 594, 595, 596, 597, 598, 601, 602, 606, 607], "summary": {"covered_lines": 12, "num_statements": 14, "percent_covered": 85.71428571428571, "percent_covered_display": "86", "missing_lines": 2, "excluded_lines": 0}, "missing_lines": [603, 604], "excluded_lines": []}, "_validate_all_resumes_cli": {"executed_lines": [611, 612, 613, 614, 615, 616], "summary": {"covered_lines": 6, "num_statements": 24, "percent_covered": 25.0, "percent_covered_display": "25", "missing_lines": 18, "excluded_lines": 0}, "missing_lines": [618, 619, 620, 621, 622, 623, 624, 625, 626, 627, 630, 631, 632, 633, 635, 636, 638, 639], "excluded_lines": []}, "_to_path_or_none": {"executed_lines": [644, 645, 646, 647, 648, 650, 651, 657], "summary": {"covered_lines": 8, "num_statements": 14, "percent_covered": 57.142857142857146, "percent_covered_display": "57", "missing_lines": 6, "excluded_lines": 0}, "missing_lines": [649, 652, 653, 654, 655, 656], "excluded_lines": []}, "_select_output_path": {"executed_lines": [661, 663], "summary": {"covered_lines": 2, "num_statements": 3, "percent_covered": 66.66666666666667, "percent_covered_display": "67", "missing_lines": 1, "excluded_lines": 0}, "missing_lines": [662], "excluded_lines": []}, "_select_output_dir": {"executed_lines": [667, 669], "summary": {"covered_lines": 2, "num_statements": 3, "percent_covered": 66.66666666666667, "percent_covered_display": "67", "missing_lines": 1, "excluded_lines": 0}, "missing_lines": [668], "excluded_lines": []}, "_looks_like_palette_file": {"executed_lines": [674, 675], "summary": {"covered_lines": 2, "num_statements": 2, "percent_covered": 100.0, "percent_covered_display": "100", "missing_lines": 0, "excluded_lines": 0}, "missing_lines": [], "excluded_lines": []}, "_build_config_overrides": {"executed_lines": [688, 689, 690, 691, 692, 694, 695, 697, 698, 699, 700, 701, 703, 708, 710, 711, 712, 713, 715], "summary": {"covered_lines": 19, "num_statements": 19, "percent_covered": 100.0, "percent_covered_display": "100", "missing_lines": 0, "excluded_lines": 0}, "missing_lines": [], "excluded_lines": []}, "_build_plan_options": {"executed_lines": [724, 725, 727, 728, 729, 731, 732, 734], "summary": {"covered_lines": 8, "num_statements": 8, "percent_covered": 100.0, "percent_covered_display": "100", "missing_lines": 0, "excluded_lines": 0}, "missing_lines": [], "excluded_lines": []}, "_execute_generation_plan": {"executed_lines": [758, 759, 760, 761, 762, 763, 764, 765, 766, 770, 772, 773, 774, 778, 779, 780, 781, 801], "summary": {"covered_lines": 18, "num_statements": 38, "percent_covered": 47.36842105263158, "percent_covered_display": "47", "missing_lines": 20, "excluded_lines": 0}, "missing_lines": [768, 769, 775, 776, 777, 783, 784, 785, 786, 788, 789, 790, 791, 792, 793, 794, 795, 797, 798, 799], "excluded_lines": []}, "_bool_flag": {"executed_lines": [805], "summary": {"covered_lines": 1, "num_statements": 1, "percent_covered": 100.0, "percent_covered_display": "100", "missing_lines": 0, "excluded_lines": 0}, "missing_lines": [], "excluded_lines": []}, "": {"executed_lines": [1, 3, 5, 6, 7, 8, 9, 10, 11, 13, 14, 15, 16, 22, 23, 24, 25, 26, 29, 30, 32, 33, 38, 92, 122, 125, 248, 266, 327, 342, 357, 374, 416, 434, 477, 488, 501, 509, 559, 573, 581, 590, 610, 642, 660, 666, 672, 678, 718, 748, 804, 808], "summary": {"covered_lines": 49, "num_statements": 49, "percent_covered": 100.0, "percent_covered_display": "100", "missing_lines": 0, "excluded_lines": 4}, "missing_lines": [], "excluded_lines": [36, 37, 808, 809]}}, "classes": {"GenerationResultProtocol": {"executed_lines": [], "summary": {"covered_lines": 0, "num_statements": 0, "percent_covered": 100.0, "percent_covered_display": "100", "missing_lines": 0, "excluded_lines": 1}, "missing_lines": [], "excluded_lines": [35]}, "": {"executed_lines": [1, 3, 5, 6, 7, 8, 9, 10, 11, 13, 14, 15, 16, 22, 23, 24, 25, 26, 29, 30, 32, 33, 38, 49, 52, 53, 54, 55, 56, 57, 58, 59, 60, 61, 62, 63, 64, 65, 66, 67, 69, 70, 71, 74, 85, 86, 87, 89, 92, 94, 95, 96, 97, 98, 99, 101, 107, 108, 109, 110, 111, 112, 113, 114, 115, 118, 119, 122, 125, 127, 131, 137, 140, 144, 149, 156, 162, 167, 173, 179, 184, 189, 193, 194, 195, 200, 207, 211, 217, 222, 229, 233, 238, 245, 248, 250, 251, 252, 253, 254, 255, 256, 257, 258, 259, 260, 261, 266, 268, 272, 274, 275, 276, 277, 278, 279, 280, 282, 283, 284, 289, 292, 293, 294, 315, 316, 317, 320, 321, 322, 327, 329, 331, 332, 333, 334, 335, 336, 337, 342, 344, 346, 347, 349, 351, 352, 353, 354, 357, 359, 361, 362, 363, 371, 374, 388, 389, 390, 391, 393, 394, 395, 399, 400, 401, 402, 403, 404, 405, 406, 408, 411, 416, 426, 434, 477, 488, 489, 492, 493, 495, 501, 509, 513, 514, 516, 517, 518, 519, 521, 522, 523, 524, 525, 527, 528, 529, 533, 534, 542, 543, 544, 546, 547, 548, 549, 559, 573, 574, 575, 581, 583, 584, 590, 591, 592, 593, 594, 595, 596, 597, 598, 601, 602, 606, 607, 610, 611, 612, 613, 614, 615, 616, 642, 644, 645, 646, 647, 648, 650, 651, 657, 660, 661, 663, 666, 667, 669, 672, 674, 675, 678, 688, 689, 690, 691, 692, 694, 695, 697, 698, 699, 700, 701, 703, 708, 710, 711, 712, 713, 715, 718, 724, 725, 727, 728, 729, 731, 732, 734, 748, 758, 759, 760, 761, 762, 763, 764, 765, 766, 770, 772, 773, 774, 778, 779, 780, 781, 801, 804, 805, 808], "summary": {"covered_lines": 297, "num_statements": 420, "percent_covered": 70.71428571428571, "percent_covered_display": "71", "missing_lines": 123, "excluded_lines": 18}, "missing_lines": [116, 117, 285, 286, 287, 290, 295, 296, 297, 298, 299, 300, 301, 302, 303, 304, 305, 311, 312, 314, 318, 319, 360, 364, 365, 397, 409, 413, 439, 440, 441, 443, 444, 452, 453, 455, 456, 457, 458, 460, 473, 474, 478, 479, 480, 481, 483, 484, 485, 494, 497, 498, 502, 503, 504, 505, 506, 540, 541, 551, 560, 561, 562, 563, 564, 566, 567, 569, 570, 576, 577, 578, 585, 586, 587, 603, 604, 618, 619, 620, 621, 622, 623, 624, 625, 626, 627, 630, 631, 632, 633, 635, 636, 638, 639, 649, 652, 653, 654, 655, 656, 662, 668, 768, 769, 775, 776, 777, 783, 784, 785, 786, 788, 789, 790, 791, 792, 793, 794, 795, 797, 798, 799], "excluded_lines": [36, 37, 118, 119, 262, 263, 323, 324, 338, 339, 445, 446, 447, 448, 449, 450, 808, 809]}}}, "src/simple_resume/cli_random_palette_demo.py": {"executed_lines": [1, 3, 5, 6, 7, 8, 9, 11, 13, 14, 15, 17, 18, 21, 44, 67, 84, 99, 111, 119, 130, 139, 148, 150, 151, 159, 161, 162, 163, 166, 168, 169, 170, 180, 181, 182, 211, 212, 215, 217, 218, 219, 220, 221, 222, 223, 226, 227, 228, 231, 234, 235, 236, 239, 242, 260, 261, 262, 263, 265, 266, 274, 275, 276, 277, 280, 281, 282, 285, 286, 288, 289, 290, 293, 300, 301, 302, 304, 307, 308, 309, 321, 322, 323, 324, 325, 326, 329, 332, 333, 335, 336, 343, 344, 345, 348, 349, 351, 352, 353, 354, 355, 358, 359, 362, 363, 366, 369, 371, 374, 375, 376, 379, 381, 386, 389], "summary": {"covered_lines": 115, "num_statements": 132, "percent_covered": 87.12121212121212, "percent_covered_display": "87", "missing_lines": 17, "excluded_lines": 0}, "missing_lines": [152, 153, 243, 244, 252, 253, 254, 255, 256, 257, 264, 337, 338, 340, 360, 361, 364], "excluded_lines": [], "functions": {"_random_words": {"executed_lines": [150, 151], "summary": {"covered_lines": 2, "num_statements": 4, "percent_covered": 50.0, "percent_covered_display": "50", "missing_lines": 2, "excluded_lines": 0}, "missing_lines": [152, 153], "excluded_lines": []}, "_random_name": {"executed_lines": [161, 162, 163], "summary": {"covered_lines": 3, "num_statements": 3, "percent_covered": 100.0, "percent_covered_display": "100", "missing_lines": 0, "excluded_lines": 0}, "missing_lines": [], "excluded_lines": []}, "_random_sentence": {"executed_lines": [168, 169, 170, 180, 181, 182, 211, 212], "summary": {"covered_lines": 8, "num_statements": 8, "percent_covered": 100.0, "percent_covered_display": "100", "missing_lines": 0, "excluded_lines": 0}, "missing_lines": [], "excluded_lines": []}, "_random_description": {"executed_lines": [217, 218, 219, 220, 221, 222, 223], "summary": {"covered_lines": 7, "num_statements": 7, "percent_covered": 100.0, "percent_covered_display": "100", "missing_lines": 0, "excluded_lines": 0}, "missing_lines": [], "excluded_lines": []}, "_random_email": {"executed_lines": [227, 228, 231], "summary": {"covered_lines": 3, "num_statements": 3, "percent_covered": 100.0, "percent_covered_display": "100", "missing_lines": 0, "excluded_lines": 0}, "missing_lines": [], "excluded_lines": []}, "_random_linkedin": {"executed_lines": [235, 236, 239], "summary": {"covered_lines": 3, "num_statements": 3, "percent_covered": 100.0, "percent_covered_display": "100", "missing_lines": 0, "excluded_lines": 0}, "missing_lines": [], "excluded_lines": []}, "_random_palette": {"executed_lines": [], "summary": {"covered_lines": 0, "num_statements": 8, "percent_covered": 0.0, "percent_covered_display": "0", "missing_lines": 8, "excluded_lines": 0}, "missing_lines": [243, 244, 252, 253, 254, 255, 256, 257], "excluded_lines": []}, "_random_registry_palette": {"executed_lines": [261, 262, 263, 265, 266, 274, 275, 276, 277, 280, 281, 282, 285, 286, 288, 289, 290], "summary": {"covered_lines": 17, "num_statements": 18, "percent_covered": 94.44444444444444, "percent_covered_display": "94", "missing_lines": 1, "excluded_lines": 0}, "missing_lines": [264], "excluded_lines": []}, "generate_random_yaml": {"executed_lines": [300, 301, 302, 304, 307, 308, 309, 321, 322, 323, 324, 325, 326, 329, 332, 333, 335, 336, 343, 344, 345, 348, 349, 351, 352, 353, 354, 355, 358, 359, 362, 363, 366], "summary": {"covered_lines": 33, "num_statements": 39, "percent_covered": 84.61538461538461, "percent_covered_display": "85", "missing_lines": 6, "excluded_lines": 0}, "missing_lines": [337, 338, 340, 360, 361, 364], "excluded_lines": []}, "main": {"executed_lines": [371, 374, 375, 376, 379, 381, 386], "summary": {"covered_lines": 7, "num_statements": 7, "percent_covered": 100.0, "percent_covered_display": "100", "missing_lines": 0, "excluded_lines": 0}, "missing_lines": [], "excluded_lines": []}, "": {"executed_lines": [1, 3, 5, 6, 7, 8, 9, 11, 13, 14, 15, 17, 18, 21, 44, 67, 84, 99, 111, 119, 130, 139, 148, 159, 166, 215, 226, 234, 242, 260, 293, 369, 389], "summary": {"covered_lines": 32, "num_statements": 32, "percent_covered": 100.0, "percent_covered_display": "100", "missing_lines": 0, "excluded_lines": 0}, "missing_lines": [], "excluded_lines": []}}, "classes": {"": {"executed_lines": [1, 3, 5, 6, 7, 8, 9, 11, 13, 14, 15, 17, 18, 21, 44, 67, 84, 99, 111, 119, 130, 139, 148, 150, 151, 159, 161, 162, 163, 166, 168, 169, 170, 180, 181, 182, 211, 212, 215, 217, 218, 219, 220, 221, 222, 223, 226, 227, 228, 231, 234, 235, 236, 239, 242, 260, 261, 262, 263, 265, 266, 274, 275, 276, 277, 280, 281, 282, 285, 286, 288, 289, 290, 293, 300, 301, 302, 304, 307, 308, 309, 321, 322, 323, 324, 325, 326, 329, 332, 333, 335, 336, 343, 344, 345, 348, 349, 351, 352, 353, 354, 355, 358, 359, 362, 363, 366, 369, 371, 374, 375, 376, 379, 381, 386, 389], "summary": {"covered_lines": 115, "num_statements": 132, "percent_covered": 87.12121212121212, "percent_covered_display": "87", "missing_lines": 17, "excluded_lines": 0}, "missing_lines": [152, 153, 243, 244, 252, 253, 254, 255, 256, 257, 264, 337, 338, 340, 360, 361, 364], "excluded_lines": []}}}, "src/simple_resume/config.py": {"executed_lines": [2, 54, 56, 57, 58, 59, 60, 61, 62, 63, 67, 68, 71, 73, 74, 75, 78, 79, 80, 83, 84, 85, 87, 88, 89, 90, 91, 92, 95, 96, 101, 123, 124, 126, 127, 128, 129, 131, 132, 133, 135, 136, 139, 143, 154], "summary": {"covered_lines": 43, "num_statements": 44, "percent_covered": 97.72727272727273, "percent_covered_display": "98", "missing_lines": 1, "excluded_lines": 0}, "missing_lines": [98], "excluded_lines": [], "functions": {"resolve_paths": {"executed_lines": [123, 124, 126, 127, 128, 129, 131, 132, 133, 135, 136, 139, 143], "summary": {"covered_lines": 13, "num_statements": 13, "percent_covered": 100.0, "percent_covered_display": "100", "missing_lines": 0, "excluded_lines": 0}, "missing_lines": [], "excluded_lines": []}, "": {"executed_lines": [2, 54, 56, 57, 58, 59, 60, 61, 62, 63, 67, 68, 71, 73, 74, 75, 78, 79, 80, 83, 84, 85, 87, 88, 89, 90, 91, 92, 95, 96, 101, 154], "summary": {"covered_lines": 30, "num_statements": 31, "percent_covered": 96.7741935483871, "percent_covered_display": "97", "missing_lines": 1, "excluded_lines": 0}, "missing_lines": [98], "excluded_lines": []}}, "classes": {"Paths": {"executed_lines": [], "summary": {"covered_lines": 0, "num_statements": 0, "percent_covered": 100.0, "percent_covered_display": "100", "missing_lines": 0, "excluded_lines": 0}, "missing_lines": [], "excluded_lines": []}, "": {"executed_lines": [2, 54, 56, 57, 58, 59, 60, 61, 62, 63, 67, 68, 71, 73, 74, 75, 78, 79, 80, 83, 84, 85, 87, 88, 89, 90, 91, 92, 95, 96, 101, 123, 124, 126, 127, 128, 129, 131, 132, 133, 135, 136, 139, 143, 154], "summary": {"covered_lines": 43, "num_statements": 44, "percent_covered": 97.72727272727273, "percent_covered_display": "98", "missing_lines": 1, "excluded_lines": 0}, "missing_lines": [98], "excluded_lines": []}}}, "src/simple_resume/constants/__init__.py": {"executed_lines": [1, 8, 10, 11, 13, 33, 41, 66, 67, 68, 69, 70, 71, 72, 78, 79, 80, 81, 87, 88, 89, 92, 93, 95, 96, 97, 99, 100, 102, 104, 105, 107, 109, 110, 114, 115, 116, 122, 123, 124, 125, 126, 127, 133, 134, 136, 137, 139, 140, 142, 144, 145, 150, 151, 153, 154, 158, 159, 160, 163, 164, 167, 168, 171, 172, 173, 176], "summary": {"covered_lines": 60, "num_statements": 62, "percent_covered": 96.7741935483871, "percent_covered_display": "97", "missing_lines": 2, "excluded_lines": 3}, "missing_lines": [117, 147], "excluded_lines": [125, 126, 127], "functions": {"OutputFormat.values": {"executed_lines": [102], "summary": {"covered_lines": 1, "num_statements": 1, "percent_covered": 100.0, "percent_covered_display": "100", "missing_lines": 0, "excluded_lines": 0}, "missing_lines": [], "excluded_lines": []}, "OutputFormat.is_valid": {"executed_lines": [107], "summary": {"covered_lines": 1, "num_statements": 1, "percent_covered": 100.0, "percent_covered_display": "100", "missing_lines": 0, "excluded_lines": 0}, "missing_lines": [], "excluded_lines": []}, "OutputFormat.normalize": {"executed_lines": [114, 115, 116, 122, 123, 124, 125, 126, 127], "summary": {"covered_lines": 6, "num_statements": 7, "percent_covered": 85.71428571428571, "percent_covered_display": "86", "missing_lines": 1, "excluded_lines": 3}, "missing_lines": [117], "excluded_lines": [125, 126, 127]}, "TemplateType.values": {"executed_lines": [142], "summary": {"covered_lines": 1, "num_statements": 1, "percent_covered": 100.0, "percent_covered_display": "100", "missing_lines": 0, "excluded_lines": 0}, "missing_lines": [], "excluded_lines": []}, "TemplateType.is_valid": {"executed_lines": [], "summary": {"covered_lines": 0, "num_statements": 1, "percent_covered": 0.0, "percent_covered_display": "0", "missing_lines": 1, "excluded_lines": 0}, "missing_lines": [147], "excluded_lines": []}, "": {"executed_lines": [1, 8, 10, 11, 13, 33, 41, 66, 67, 68, 69, 70, 71, 72, 78, 79, 80, 81, 87, 88, 89, 92, 93, 95, 96, 97, 99, 100, 104, 105, 109, 110, 133, 134, 136, 137, 139, 140, 144, 145, 150, 151, 153, 154, 158, 159, 160, 163, 164, 167, 168, 171, 172, 173, 176], "summary": {"covered_lines": 51, "num_statements": 51, "percent_covered": 100.0, "percent_covered_display": "100", "missing_lines": 0, "excluded_lines": 0}, "missing_lines": [], "excluded_lines": []}}, "classes": {"OutputFormat": {"executed_lines": [102, 107, 114, 115, 116, 122, 123, 124, 125, 126, 127], "summary": {"covered_lines": 8, "num_statements": 9, "percent_covered": 88.88888888888889, "percent_covered_display": "89", "missing_lines": 1, "excluded_lines": 3}, "missing_lines": [117], "excluded_lines": [125, 126, 127]}, "TemplateType": {"executed_lines": [142], "summary": {"covered_lines": 1, "num_statements": 2, "percent_covered": 50.0, "percent_covered_display": "50", "missing_lines": 1, "excluded_lines": 0}, "missing_lines": [147], "excluded_lines": []}, "RenderMode": {"executed_lines": [], "summary": {"covered_lines": 0, "num_statements": 0, "percent_covered": 100.0, "percent_covered_display": "100", "missing_lines": 0, "excluded_lines": 0}, "missing_lines": [], "excluded_lines": []}, "": {"executed_lines": [1, 8, 10, 11, 13, 33, 41, 66, 67, 68, 69, 70, 71, 72, 78, 79, 80, 81, 87, 88, 89, 92, 93, 95, 96, 97, 99, 100, 104, 105, 109, 110, 133, 134, 136, 137, 139, 140, 144, 145, 150, 151, 153, 154, 158, 159, 160, 163, 164, 167, 168, 171, 172, 173, 176], "summary": {"covered_lines": 51, "num_statements": 51, "percent_covered": 100.0, "percent_covered_display": "100", "missing_lines": 0, "excluded_lines": 0}, "missing_lines": [], "excluded_lines": []}}}, "src/simple_resume/constants/colors.py": {"executed_lines": [1, 3, 5, 7, 19, 20, 21, 22, 25, 26, 29, 30, 31, 32, 35, 36, 39, 42, 51, 61, 71, 76], "summary": {"covered_lines": 21, "num_statements": 21, "percent_covered": 100.0, "percent_covered_display": "100", "missing_lines": 0, "excluded_lines": 0}, "missing_lines": [], "excluded_lines": [], "functions": {"": {"executed_lines": [1, 3, 5, 7, 19, 20, 21, 22, 25, 26, 29, 30, 31, 32, 35, 36, 39, 42, 51, 61, 71, 76], "summary": {"covered_lines": 21, "num_statements": 21, "percent_covered": 100.0, "percent_covered_display": "100", "missing_lines": 0, "excluded_lines": 0}, "missing_lines": [], "excluded_lines": []}}, "classes": {"": {"executed_lines": [1, 3, 5, 7, 19, 20, 21, 22, 25, 26, 29, 30, 31, 32, 35, 36, 39, 42, 51, 61, 71, 76], "summary": {"covered_lines": 21, "num_statements": 21, "percent_covered": 100.0, "percent_covered_display": "100", "missing_lines": 0, "excluded_lines": 0}, "missing_lines": [], "excluded_lines": []}}}, "src/simple_resume/constants/files.py": {"executed_lines": [1, 3, 5, 8, 9, 12, 15, 18, 19, 21], "summary": {"covered_lines": 9, "num_statements": 9, "percent_covered": 100.0, "percent_covered_display": "100", "missing_lines": 0, "excluded_lines": 0}, "missing_lines": [], "excluded_lines": [], "functions": {"": {"executed_lines": [1, 3, 5, 8, 9, 12, 15, 18, 19, 21], "summary": {"covered_lines": 9, "num_statements": 9, "percent_covered": 100.0, "percent_covered_display": "100", "missing_lines": 0, "excluded_lines": 0}, "missing_lines": [], "excluded_lines": []}}, "classes": {"": {"executed_lines": [1, 3, 5, 8, 9, 12, 15, 18, 19, 21], "summary": {"covered_lines": 9, "num_statements": 9, "percent_covered": 100.0, "percent_covered_display": "100", "missing_lines": 0, "excluded_lines": 0}, "missing_lines": [], "excluded_lines": []}}}, "src/simple_resume/constants/layout.py": {"executed_lines": [1, 3, 5, 8, 9, 12, 15, 16, 17, 20, 23, 24, 25, 28, 29, 30, 31, 33, 34, 36, 37, 39], "summary": {"covered_lines": 21, "num_statements": 21, "percent_covered": 100.0, "percent_covered_display": "100", "missing_lines": 0, "excluded_lines": 0}, "missing_lines": [], "excluded_lines": [], "functions": {"": {"executed_lines": [1, 3, 5, 8, 9, 12, 15, 16, 17, 20, 23, 24, 25, 28, 29, 30, 31, 33, 34, 36, 37, 39], "summary": {"covered_lines": 21, "num_statements": 21, "percent_covered": 100.0, "percent_covered_display": "100", "missing_lines": 0, "excluded_lines": 0}, "missing_lines": [], "excluded_lines": []}}, "classes": {"": {"executed_lines": [1, 3, 5, 8, 9, 12, 15, 16, 17, 20, 23, 24, 25, 28, 29, 30, 31, 33, 34, 36, 37, 39], "summary": {"covered_lines": 21, "num_statements": 21, "percent_covered": 100.0, "percent_covered_display": "100", "missing_lines": 0, "excluded_lines": 0}, "missing_lines": [], "excluded_lines": []}}}, "src/simple_resume/core/__init__.py": {"executed_lines": [1, 3, 5], "summary": {"covered_lines": 2, "num_statements": 2, "percent_covered": 100.0, "percent_covered_display": "100", "missing_lines": 0, "excluded_lines": 0}, "missing_lines": [], "excluded_lines": [], "functions": {"": {"executed_lines": [1, 3, 5], "summary": {"covered_lines": 2, "num_statements": 2, "percent_covered": 100.0, "percent_covered_display": "100", "missing_lines": 0, "excluded_lines": 0}, "missing_lines": [], "excluded_lines": []}}, "classes": {"": {"executed_lines": [1, 3, 5], "summary": {"covered_lines": 2, "num_statements": 2, "percent_covered": 100.0, "percent_covered_display": "100", "missing_lines": 0, "excluded_lines": 0}, "missing_lines": [], "excluded_lines": []}}}, "src/simple_resume/core/color_service.py": {"executed_lines": [1, 8, 10, 12, 19, 28, 29, 31, 32, 42, 43, 44, 45, 47, 48, 58, 59, 62, 63, 66, 67, 73, 83, 84, 94, 95, 101, 102, 103, 104, 105, 110, 112, 113, 123, 125, 126, 143, 144, 145, 146, 147, 151], "summary": {"covered_lines": 41, "num_statements": 48, "percent_covered": 85.41666666666667, "percent_covered_display": "85", "missing_lines": 7, "excluded_lines": 0}, "missing_lines": [74, 76, 78, 106, 107, 148, 149], "excluded_lines": [], "functions": {"ColorCalculationService.calculate_sidebar_text_color": {"executed_lines": [42, 43, 44, 45], "summary": {"covered_lines": 4, "num_statements": 4, "percent_covered": 100.0, "percent_covered_display": "100", "missing_lines": 0, "excluded_lines": 0}, "missing_lines": [], "excluded_lines": []}, "ColorCalculationService.calculate_sidebar_bold_color": {"executed_lines": [58, 59, 62, 63, 66, 67, 73], "summary": {"covered_lines": 7, "num_statements": 10, "percent_covered": 70.0, "percent_covered_display": "70", "missing_lines": 3, "excluded_lines": 0}, "missing_lines": [74, 76, 78], "excluded_lines": []}, "ColorCalculationService.calculate_heading_icon_color": {"executed_lines": [94, 95, 101, 102, 103, 104, 105, 110], "summary": {"covered_lines": 8, "num_statements": 10, "percent_covered": 80.0, "percent_covered_display": "80", "missing_lines": 2, "excluded_lines": 0}, "missing_lines": [106, 107], "excluded_lines": []}, "ColorCalculationService.calculate_sidebar_icon_color": {"executed_lines": [123], "summary": {"covered_lines": 1, "num_statements": 1, "percent_covered": 100.0, "percent_covered_display": "100", "missing_lines": 0, "excluded_lines": 0}, "missing_lines": [], "excluded_lines": []}, "ColorCalculationService.ensure_color_contrast": {"executed_lines": [143, 144, 145, 146, 147, 151], "summary": {"covered_lines": 6, "num_statements": 8, "percent_covered": 75.0, "percent_covered_display": "75", "missing_lines": 2, "excluded_lines": 0}, "missing_lines": [148, 149], "excluded_lines": []}, "": {"executed_lines": [1, 8, 10, 12, 19, 28, 29, 31, 32, 47, 48, 83, 84, 112, 113, 125, 126], "summary": {"covered_lines": 15, "num_statements": 15, "percent_covered": 100.0, "percent_covered_display": "100", "missing_lines": 0, "excluded_lines": 0}, "missing_lines": [], "excluded_lines": []}}, "classes": {"ColorCalculationService": {"executed_lines": [42, 43, 44, 45, 58, 59, 62, 63, 66, 67, 73, 94, 95, 101, 102, 103, 104, 105, 110, 123, 143, 144, 145, 146, 147, 151], "summary": {"covered_lines": 26, "num_statements": 33, "percent_covered": 78.78787878787878, "percent_covered_display": "79", "missing_lines": 7, "excluded_lines": 0}, "missing_lines": [74, 76, 78, 106, 107, 148, 149], "excluded_lines": []}, "": {"executed_lines": [1, 8, 10, 12, 19, 28, 29, 31, 32, 47, 48, 83, 84, 112, 113, 125, 126], "summary": {"covered_lines": 15, "num_statements": 15, "percent_covered": 100.0, "percent_covered_display": "100", "missing_lines": 0, "excluded_lines": 0}, "missing_lines": [], "excluded_lines": []}}}, "src/simple_resume/core/colors.py": {"executed_lines": [1, 8, 10, 12, 25, 36, 38, 39, 40, 41, 42, 43, 44, 45, 46, 47, 48, 49, 52, 54, 55, 59, 60, 63, 64, 66, 67, 68, 75, 76, 77, 79, 82, 84, 85, 88, 90, 91, 92, 93, 94, 95, 96, 99, 101, 102, 103, 104, 105, 106, 107, 108, 109, 114, 128, 130, 131, 132], "summary": {"covered_lines": 55, "num_statements": 62, "percent_covered": 88.70967741935483, "percent_covered_display": "89", "missing_lines": 7, "excluded_lines": 4}, "missing_lines": [56, 57, 121, 122, 123, 124, 125], "excluded_lines": [48, 49, 110, 111], "functions": {"hex_to_rgb": {"executed_lines": [38, 39, 40, 41, 42, 43, 44, 45, 46, 47, 48, 49], "summary": {"covered_lines": 10, "num_statements": 10, "percent_covered": 100.0, "percent_covered_display": "100", "missing_lines": 0, "excluded_lines": 2}, "missing_lines": [], "excluded_lines": [48, 49]}, "darken_color": {"executed_lines": [54, 55, 59, 60], "summary": {"covered_lines": 4, "num_statements": 6, "percent_covered": 66.66666666666667, "percent_covered_display": "67", "missing_lines": 2, "excluded_lines": 0}, "missing_lines": [56, 57], "excluded_lines": []}, "_calculate_luminance_from_rgb": {"executed_lines": [64, 66, 75, 76, 77, 79], "summary": {"covered_lines": 6, "num_statements": 6, "percent_covered": 100.0, "percent_covered_display": "100", "missing_lines": 0, "excluded_lines": 0}, "missing_lines": [], "excluded_lines": []}, "_calculate_luminance_from_rgb._linearize": {"executed_lines": [67, 68], "summary": {"covered_lines": 2, "num_statements": 2, "percent_covered": 100.0, "percent_covered_display": "100", "missing_lines": 0, "excluded_lines": 0}, "missing_lines": [], "excluded_lines": []}, "calculate_luminance": {"executed_lines": [84, 85], "summary": {"covered_lines": 2, "num_statements": 2, "percent_covered": 100.0, "percent_covered_display": "100", "missing_lines": 0, "excluded_lines": 0}, "missing_lines": [], "excluded_lines": []}, "calculate_contrast_ratio": {"executed_lines": [90, 91, 92, 93, 94, 95, 96], "summary": {"covered_lines": 7, "num_statements": 7, "percent_covered": 100.0, "percent_covered_display": "100", "missing_lines": 0, "excluded_lines": 0}, "missing_lines": [], "excluded_lines": []}, "get_contrasting_text_color": {"executed_lines": [101, 102, 103, 104, 105, 106, 107, 108, 109], "summary": {"covered_lines": 9, "num_statements": 9, "percent_covered": 100.0, "percent_covered_display": "100", "missing_lines": 0, "excluded_lines": 2}, "missing_lines": [], "excluded_lines": [110, 111]}, "calculate_icon_contrast_color": {"executed_lines": [], "summary": {"covered_lines": 0, "num_statements": 5, "percent_covered": 0.0, "percent_covered_display": "0", "missing_lines": 5, "excluded_lines": 0}, "missing_lines": [121, 122, 123, 124, 125], "excluded_lines": []}, "is_valid_color": {"executed_lines": [130, 131, 132], "summary": {"covered_lines": 3, "num_statements": 3, "percent_covered": 100.0, "percent_covered_display": "100", "missing_lines": 0, "excluded_lines": 0}, "missing_lines": [], "excluded_lines": []}, "": {"executed_lines": [1, 8, 10, 12, 25, 36, 52, 63, 82, 88, 99, 114, 128], "summary": {"covered_lines": 12, "num_statements": 12, "percent_covered": 100.0, "percent_covered_display": "100", "missing_lines": 0, "excluded_lines": 0}, "missing_lines": [], "excluded_lines": []}}, "classes": {"": {"executed_lines": [1, 8, 10, 12, 25, 36, 38, 39, 40, 41, 42, 43, 44, 45, 46, 47, 48, 49, 52, 54, 55, 59, 60, 63, 64, 66, 67, 68, 75, 76, 77, 79, 82, 84, 85, 88, 90, 91, 92, 93, 94, 95, 96, 99, 101, 102, 103, 104, 105, 106, 107, 108, 109, 114, 128, 130, 131, 132], "summary": {"covered_lines": 55, "num_statements": 62, "percent_covered": 88.70967741935483, "percent_covered_display": "89", "missing_lines": 7, "excluded_lines": 4}, "missing_lines": [56, 57, 121, 122, 123, 124, 125], "excluded_lines": [48, 49, 110, 111]}}}, "src/simple_resume/core/config_core.py": {"executed_lines": [1, 3, 5, 6, 8, 15, 16, 21, 22, 23, 25, 26, 29, 30, 31, 32, 33, 34, 35, 36, 37, 38, 39, 40, 41, 42, 43, 44, 45, 48, 49, 51, 52, 53, 54, 56, 57, 58, 60, 61, 62, 65, 66, 69, 72, 76, 77, 82, 83, 88, 89, 90, 91, 92, 93, 95, 96, 101, 102, 108, 109, 110, 111, 113, 116, 117, 118, 119, 120, 121, 122, 123, 124, 126, 127, 131, 132, 138, 139, 144, 145, 146, 147, 152, 153, 157, 159, 164, 165, 166, 167, 172, 178, 181, 186, 187, 188, 189, 194, 195, 199, 201, 202, 203, 204, 208, 210, 211, 212, 213, 216, 223, 224, 225, 226, 227, 228, 229, 230, 238, 240, 243, 244, 257, 258, 261, 267, 268, 269, 272, 273, 278, 284, 286, 288, 289, 295, 296, 297, 298, 299, 300, 301, 307, 309, 310, 311, 312, 313, 314, 315, 316, 319, 326, 334, 336, 337, 338, 343, 344, 345, 346, 352, 357, 362, 363, 364, 365, 366, 368, 370, 371, 374, 375, 376, 377, 380, 381, 386, 387, 389, 392, 394, 395, 396, 399, 400, 402, 405], "summary": {"covered_lines": 188, "num_statements": 199, "percent_covered": 94.47236180904522, "percent_covered_display": "94", "missing_lines": 11, "excluded_lines": 0}, "missing_lines": [97, 125, 148, 168, 173, 190, 205, 241, 290, 291, 354], "excluded_lines": [], "functions": {"_coerce_number": {"executed_lines": [30, 31, 32, 33, 34, 35, 36, 37, 38, 39, 40, 41, 42, 43, 44, 45], "summary": {"covered_lines": 16, "num_statements": 16, "percent_covered": 100.0, "percent_covered_display": "100", "missing_lines": 0, "excluded_lines": 0}, "missing_lines": [], "excluded_lines": []}, "apply_config_defaults": {"executed_lines": [49, 51, 52, 53, 54, 56, 57, 58, 60, 61, 62], "summary": {"covered_lines": 11, "num_statements": 11, "percent_covered": 100.0, "percent_covered_display": "100", "missing_lines": 0, "excluded_lines": 0}, "missing_lines": [], "excluded_lines": []}, "validate_dimensions": {"executed_lines": [66, 69, 72, 76, 77, 82, 83, 88, 89, 90, 91, 92, 93, 95, 96, 101, 102], "summary": {"covered_lines": 17, "num_statements": 18, "percent_covered": 94.44444444444444, "percent_covered_display": "94", "missing_lines": 1, "excluded_lines": 0}, "missing_lines": [97], "excluded_lines": []}, "_normalize_color_scheme": {"executed_lines": [109, 110, 111, 113], "summary": {"covered_lines": 4, "num_statements": 4, "percent_covered": 100.0, "percent_covered_display": "100", "missing_lines": 0, "excluded_lines": 0}, "missing_lines": [], "excluded_lines": []}, "_validate_color_fields": {"executed_lines": [117, 118, 119, 120, 121, 122, 123, 124, 126, 127, 131, 132], "summary": {"covered_lines": 12, "num_statements": 13, "percent_covered": 92.3076923076923, "percent_covered_display": "92", "missing_lines": 1, "excluded_lines": 0}, "missing_lines": [125], "excluded_lines": []}, "_auto_calculate_sidebar_text_color": {"executed_lines": [139], "summary": {"covered_lines": 1, "num_statements": 1, "percent_covered": 100.0, "percent_covered_display": "100", "missing_lines": 0, "excluded_lines": 0}, "missing_lines": [], "excluded_lines": []}, "_handle_sidebar_bold_color": {"executed_lines": [145, 146, 147, 152, 153, 157, 159], "summary": {"covered_lines": 7, "num_statements": 8, "percent_covered": 87.5, "percent_covered_display": "88", "missing_lines": 1, "excluded_lines": 0}, "missing_lines": [148], "excluded_lines": []}, "_handle_icon_color": {"executed_lines": [165, 166, 167, 172, 178, 181], "summary": {"covered_lines": 6, "num_statements": 8, "percent_covered": 75.0, "percent_covered_display": "75", "missing_lines": 2, "excluded_lines": 0}, "missing_lines": [168, 173], "excluded_lines": []}, "_handle_bold_color": {"executed_lines": [187, 188, 189, 194, 195, 199, 201, 202, 203, 204], "summary": {"covered_lines": 10, "num_statements": 12, "percent_covered": 83.33333333333333, "percent_covered_display": "83", "missing_lines": 2, "excluded_lines": 0}, "missing_lines": [190, 205], "excluded_lines": []}, "prepare_config": {"executed_lines": [210, 211, 212, 213], "summary": {"covered_lines": 4, "num_statements": 4, "percent_covered": 100.0, "percent_covered_display": "100", "missing_lines": 0, "excluded_lines": 0}, "missing_lines": [], "excluded_lines": []}, "finalize_config": {"executed_lines": [223, 224, 225, 226, 227, 228, 229, 230], "summary": {"covered_lines": 8, "num_statements": 8, "percent_covered": 100.0, "percent_covered_display": "100", "missing_lines": 0, "excluded_lines": 0}, "missing_lines": [], "excluded_lines": []}, "_is_direct_color_block": {"executed_lines": [240, 243, 244, 257, 258], "summary": {"covered_lines": 5, "num_statements": 6, "percent_covered": 83.33333333333333, "percent_covered_display": "83", "missing_lines": 1, "excluded_lines": 0}, "missing_lines": [241], "excluded_lines": []}, "_process_direct_colors": {"executed_lines": [267, 268, 269, 272, 273, 278], "summary": {"covered_lines": 6, "num_statements": 6, "percent_covered": 100.0, "percent_covered_display": "100", "missing_lines": 0, "excluded_lines": 0}, "missing_lines": [], "excluded_lines": []}, "_resolve_palette_block": {"executed_lines": [286, 288, 289, 295, 296, 297, 298, 299, 300, 301, 307, 309, 310, 311, 312, 313, 314, 315, 316, 319, 326, 334, 336, 337, 338, 343, 344, 345, 346, 352], "summary": {"covered_lines": 30, "num_statements": 33, "percent_covered": 90.9090909090909, "percent_covered_display": "91", "missing_lines": 3, "excluded_lines": 0}, "missing_lines": [290, 291, 354], "excluded_lines": []}, "_process_palette_colors": {"executed_lines": [362, 363, 364, 365, 366, 368, 370, 371, 374, 375, 376, 377, 380, 381, 386, 387, 389], "summary": {"covered_lines": 17, "num_statements": 17, "percent_covered": 100.0, "percent_covered_display": "100", "missing_lines": 0, "excluded_lines": 0}, "missing_lines": [], "excluded_lines": []}, "apply_palette_block": {"executed_lines": [394, 395, 396, 399, 400, 402], "summary": {"covered_lines": 6, "num_statements": 6, "percent_covered": 100.0, "percent_covered_display": "100", "missing_lines": 0, "excluded_lines": 0}, "missing_lines": [], "excluded_lines": []}, "": {"executed_lines": [1, 3, 5, 6, 8, 15, 16, 21, 22, 23, 25, 26, 29, 48, 65, 108, 116, 138, 144, 164, 186, 208, 216, 238, 261, 284, 357, 392, 405], "summary": {"covered_lines": 28, "num_statements": 28, "percent_covered": 100.0, "percent_covered_display": "100", "missing_lines": 0, "excluded_lines": 0}, "missing_lines": [], "excluded_lines": []}}, "classes": {"": {"executed_lines": [1, 3, 5, 6, 8, 15, 16, 21, 22, 23, 25, 26, 29, 30, 31, 32, 33, 34, 35, 36, 37, 38, 39, 40, 41, 42, 43, 44, 45, 48, 49, 51, 52, 53, 54, 56, 57, 58, 60, 61, 62, 65, 66, 69, 72, 76, 77, 82, 83, 88, 89, 90, 91, 92, 93, 95, 96, 101, 102, 108, 109, 110, 111, 113, 116, 117, 118, 119, 120, 121, 122, 123, 124, 126, 127, 131, 132, 138, 139, 144, 145, 146, 147, 152, 153, 157, 159, 164, 165, 166, 167, 172, 178, 181, 186, 187, 188, 189, 194, 195, 199, 201, 202, 203, 204, 208, 210, 211, 212, 213, 216, 223, 224, 225, 226, 227, 228, 229, 230, 238, 240, 243, 244, 257, 258, 261, 267, 268, 269, 272, 273, 278, 284, 286, 288, 289, 295, 296, 297, 298, 299, 300, 301, 307, 309, 310, 311, 312, 313, 314, 315, 316, 319, 326, 334, 336, 337, 338, 343, 344, 345, 346, 352, 357, 362, 363, 364, 365, 366, 368, 370, 371, 374, 375, 376, 377, 380, 381, 386, 387, 389, 392, 394, 395, 396, 399, 400, 402, 405], "summary": {"covered_lines": 188, "num_statements": 199, "percent_covered": 94.47236180904522, "percent_covered_display": "94", "missing_lines": 11, "excluded_lines": 0}, "missing_lines": [97, 125, 148, 168, 173, 190, 205, 241, 290, 291, 354], "excluded_lines": []}}}, "src/simple_resume/core/generation_plan.py": {"executed_lines": [1, 3, 5, 6, 7, 8, 9, 10, 12, 13, 14, 17, 18, 20, 21, 22, 25, 26, 27, 29, 30, 31, 32, 35, 36, 37, 39, 40, 41, 42, 43, 44, 45, 46, 47, 48, 49, 50, 53, 55, 58, 59, 61, 62, 63, 82, 84, 85, 86, 103, 105, 123, 126], "summary": {"covered_lines": 49, "num_statements": 50, "percent_covered": 98.0, "percent_covered_display": "98", "missing_lines": 1, "excluded_lines": 0}, "missing_lines": [56], "excluded_lines": [], "functions": {"build_generation_plan": {"executed_lines": [55, 58, 59, 61, 62, 63, 82, 84, 85, 86, 103, 105, 123], "summary": {"covered_lines": 13, "num_statements": 14, "percent_covered": 92.85714285714286, "percent_covered_display": "93", "missing_lines": 1, "excluded_lines": 0}, "missing_lines": [56], "excluded_lines": []}, "": {"executed_lines": [1, 3, 5, 6, 7, 8, 9, 10, 12, 13, 14, 17, 18, 20, 21, 22, 25, 26, 27, 29, 30, 31, 32, 35, 36, 37, 39, 40, 41, 42, 43, 44, 45, 46, 47, 48, 49, 50, 53, 126], "summary": {"covered_lines": 36, "num_statements": 36, "percent_covered": 100.0, "percent_covered_display": "100", "missing_lines": 0, "excluded_lines": 0}, "missing_lines": [], "excluded_lines": []}}, "classes": {"CommandType": {"executed_lines": [], "summary": {"covered_lines": 0, "num_statements": 0, "percent_covered": 100.0, "percent_covered_display": "100", "missing_lines": 0, "excluded_lines": 0}, "missing_lines": [], "excluded_lines": []}, "GenerationCommand": {"executed_lines": [], "summary": {"covered_lines": 0, "num_statements": 0, "percent_covered": 100.0, "percent_covered_display": "100", "missing_lines": 0, "excluded_lines": 0}, "missing_lines": [], "excluded_lines": []}, "GeneratePlanOptions": {"executed_lines": [], "summary": {"covered_lines": 0, "num_statements": 0, "percent_covered": 100.0, "percent_covered_display": "100", "missing_lines": 0, "excluded_lines": 0}, "missing_lines": [], "excluded_lines": []}, "": {"executed_lines": [1, 3, 5, 6, 7, 8, 9, 10, 12, 13, 14, 17, 18, 20, 21, 22, 25, 26, 27, 29, 30, 31, 32, 35, 36, 37, 39, 40, 41, 42, 43, 44, 45, 46, 47, 48, 49, 50, 53, 55, 58, 59, 61, 62, 63, 82, 84, 85, 86, 103, 105, 123, 126], "summary": {"covered_lines": 49, "num_statements": 50, "percent_covered": 98.0, "percent_covered_display": "98", "missing_lines": 1, "excluded_lines": 0}, "missing_lines": [56], "excluded_lines": []}}}, "src/simple_resume/core/html_generation.py": {"executed_lines": [1, 3, 5, 7, 8, 9, 10, 11, 12, 15, 22, 23, 29, 35, 37, 38, 44, 49, 50, 51, 52, 56, 58, 61], "summary": {"covered_lines": 23, "num_statements": 25, "percent_covered": 92.0, "percent_covered_display": "92", "missing_lines": 2, "excluded_lines": 0}, "missing_lines": [30, 54], "excluded_lines": [], "functions": {"generate_html_with_jinja": {"executed_lines": [22, 23, 29, 35, 37, 38, 44, 49, 50, 51, 52, 56, 58], "summary": {"covered_lines": 13, "num_statements": 15, "percent_covered": 86.66666666666667, "percent_covered_display": "87", "missing_lines": 2, "excluded_lines": 0}, "missing_lines": [30, 54], "excluded_lines": []}, "": {"executed_lines": [1, 3, 5, 7, 8, 9, 10, 11, 12, 15, 61], "summary": {"covered_lines": 10, "num_statements": 10, "percent_covered": 100.0, "percent_covered_display": "100", "missing_lines": 0, "excluded_lines": 0}, "missing_lines": [], "excluded_lines": []}}, "classes": {"": {"executed_lines": [1, 3, 5, 7, 8, 9, 10, 11, 12, 15, 22, 23, 29, 35, 37, 38, 44, 49, 50, 51, 52, 56, 58, 61], "summary": {"covered_lines": 23, "num_statements": 25, "percent_covered": 92.0, "percent_covered_display": "92", "missing_lines": 2, "excluded_lines": 0}, "missing_lines": [30, 54], "excluded_lines": []}}}, "src/simple_resume/core/hydration_core.py": {"executed_lines": [1, 3, 5, 6, 7, 9, 11, 14, 17, 19, 27, 36, 38, 39, 40, 41, 42, 43, 44, 45, 47, 48, 50, 52, 55], "summary": {"covered_lines": 24, "num_statements": 24, "percent_covered": 100.0, "percent_covered_display": "100", "missing_lines": 0, "excluded_lines": 0}, "missing_lines": [], "excluded_lines": [], "functions": {"build_skill_group_payload": {"executed_lines": [19], "summary": {"covered_lines": 1, "num_statements": 1, "percent_covered": 100.0, "percent_covered_display": "100", "missing_lines": 0, "excluded_lines": 0}, "missing_lines": [], "excluded_lines": []}, "hydrate_resume_structure": {"executed_lines": [36, 38, 39, 40, 41, 42, 43, 44, 45, 47, 48, 50, 52], "summary": {"covered_lines": 13, "num_statements": 13, "percent_covered": 100.0, "percent_covered_display": "100", "missing_lines": 0, "excluded_lines": 0}, "missing_lines": [], "excluded_lines": []}, "": {"executed_lines": [1, 3, 5, 6, 7, 9, 11, 14, 17, 27, 55], "summary": {"covered_lines": 10, "num_statements": 10, "percent_covered": 100.0, "percent_covered_display": "100", "missing_lines": 0, "excluded_lines": 0}, "missing_lines": [], "excluded_lines": []}}, "classes": {"": {"executed_lines": [1, 3, 5, 6, 7, 9, 11, 14, 17, 19, 27, 36, 38, 39, 40, 41, 42, 43, 44, 45, 47, 48, 50, 52, 55], "summary": {"covered_lines": 24, "num_statements": 24, "percent_covered": 100.0, "percent_covered_display": "100", "missing_lines": 0, "excluded_lines": 0}, "missing_lines": [], "excluded_lines": []}}}, "src/simple_resume/core/models.py": {"executed_lines": [1, 3, 5, 6, 7, 9, 10, 13, 14, 15, 17, 18, 19, 20, 21, 22, 25, 26, 27, 28, 29, 30, 31, 32, 33, 36, 37, 38, 39, 40, 41, 44, 45, 46, 48, 49, 50, 51, 52, 53, 54, 55, 58, 59, 60, 62, 63, 64, 65, 66, 69, 70, 71, 74, 75, 76, 77, 80, 81, 82, 83, 84, 85, 86, 87, 90], "summary": {"covered_lines": 61, "num_statements": 61, "percent_covered": 100.0, "percent_covered_display": "100", "missing_lines": 0, "excluded_lines": 0}, "missing_lines": [], "excluded_lines": [], "functions": {"": {"executed_lines": [1, 3, 5, 6, 7, 9, 10, 13, 14, 15, 17, 18, 19, 20, 21, 22, 25, 26, 27, 28, 29, 30, 31, 32, 33, 36, 37, 38, 39, 40, 41, 44, 45, 46, 48, 49, 50, 51, 52, 53, 54, 55, 58, 59, 60, 62, 63, 64, 65, 66, 69, 70, 71, 74, 75, 76, 77, 80, 81, 82, 83, 84, 85, 86, 87, 90], "summary": {"covered_lines": 61, "num_statements": 61, "percent_covered": 100.0, "percent_covered_display": "100", "missing_lines": 0, "excluded_lines": 0}, "missing_lines": [], "excluded_lines": []}}, "classes": {"ResumeConfig": {"executed_lines": [], "summary": {"covered_lines": 0, "num_statements": 0, "percent_covered": 100.0, "percent_covered_display": "100", "missing_lines": 0, "excluded_lines": 0}, "missing_lines": [], "excluded_lines": []}, "RenderPlan": {"executed_lines": [], "summary": {"covered_lines": 0, "num_statements": 0, "percent_covered": 100.0, "percent_covered_display": "100", "missing_lines": 0, "excluded_lines": 0}, "missing_lines": [], "excluded_lines": []}, "ValidationResult": {"executed_lines": [], "summary": {"covered_lines": 0, "num_statements": 0, "percent_covered": 100.0, "percent_covered_display": "100", "missing_lines": 0, "excluded_lines": 0}, "missing_lines": [], "excluded_lines": []}, "GenerationConfig": {"executed_lines": [], "summary": {"covered_lines": 0, "num_statements": 0, "percent_covered": 100.0, "percent_covered_display": "100", "missing_lines": 0, "excluded_lines": 0}, "missing_lines": [], "excluded_lines": []}, "": {"executed_lines": [1, 3, 5, 6, 7, 9, 10, 13, 14, 15, 17, 18, 19, 20, 21, 22, 25, 26, 27, 28, 29, 30, 31, 32, 33, 36, 37, 38, 39, 40, 41, 44, 45, 46, 48, 49, 50, 51, 52, 53, 54, 55, 58, 59, 60, 62, 63, 64, 65, 66, 69, 70, 71, 74, 75, 76, 77, 80, 81, 82, 83, 84, 85, 86, 87, 90], "summary": {"covered_lines": 61, "num_statements": 61, "percent_covered": 100.0, "percent_covered_display": "100", "missing_lines": 0, "excluded_lines": 0}, "missing_lines": [], "excluded_lines": []}}}, "src/simple_resume/core/pdf_generation.py": {"executed_lines": [1, 3, 5, 6, 7, 9, 11, 12, 13, 14, 19, 20, 21, 24, 25, 26, 28, 29, 30, 31, 34, 42, 49, 55, 57, 58, 64, 65, 67, 68, 70, 71, 72, 73, 74, 75, 76, 77, 78, 85, 91, 96, 106, 109, 115, 120, 131, 133, 134, 135, 136, 137, 141, 142, 145, 146, 147, 148, 149, 152, 153, 161, 166, 179], "summary": {"covered_lines": 52, "num_statements": 66, "percent_covered": 78.78787878787878, "percent_covered_display": "79", "missing_lines": 14, "excluded_lines": 18}, "missing_lines": [43, 50, 116, 125, 143, 144, 163, 168, 169, 170, 171, 172, 173, 174], "excluded_lines": [76, 77, 78, 79, 80, 81, 82, 83, 145, 146, 147, 148, 149, 152, 153, 159, 175, 176], "functions": {"generate_pdf_with_weasyprint": {"executed_lines": [42, 49, 55, 57, 58, 64, 65, 67, 68, 70, 71, 72, 73, 74, 75, 76, 77, 78, 85, 91, 96, 106], "summary": {"covered_lines": 19, "num_statements": 21, "percent_covered": 90.47619047619048, "percent_covered_display": "90", "missing_lines": 2, "excluded_lines": 8}, "missing_lines": [43, 50], "excluded_lines": [76, 77, 78, 79, 80, 81, 82, 83]}, "generate_pdf_with_latex": {"executed_lines": [115, 120, 131, 133, 134, 135, 136, 137, 141, 142, 145, 146, 147, 148, 149, 152, 153, 161], "summary": {"covered_lines": 11, "num_statements": 16, "percent_covered": 68.75, "percent_covered_display": "69", "missing_lines": 5, "excluded_lines": 8}, "missing_lines": [116, 125, 143, 144, 163], "excluded_lines": [145, 146, 147, 148, 149, 152, 153, 159]}, "cleanup_latex_artifacts": {"executed_lines": [], "summary": {"covered_lines": 0, "num_statements": 7, "percent_covered": 0.0, "percent_covered_display": "0", "missing_lines": 7, "excluded_lines": 2}, "missing_lines": [168, 169, 170, 171, 172, 173, 174], "excluded_lines": [175, 176]}, "": {"executed_lines": [1, 3, 5, 6, 7, 9, 11, 12, 13, 14, 19, 20, 21, 24, 25, 26, 28, 29, 30, 31, 34, 109, 166, 179], "summary": {"covered_lines": 22, "num_statements": 22, "percent_covered": 100.0, "percent_covered_display": "100", "missing_lines": 0, "excluded_lines": 0}, "missing_lines": [], "excluded_lines": []}}, "classes": {"LatexGenerationContext": {"executed_lines": [], "summary": {"covered_lines": 0, "num_statements": 0, "percent_covered": 100.0, "percent_covered_display": "100", "missing_lines": 0, "excluded_lines": 0}, "missing_lines": [], "excluded_lines": []}, "": {"executed_lines": [1, 3, 5, 6, 7, 9, 11, 12, 13, 14, 19, 20, 21, 24, 25, 26, 28, 29, 30, 31, 34, 42, 49, 55, 57, 58, 64, 65, 67, 68, 70, 71, 72, 73, 74, 75, 76, 77, 78, 85, 91, 96, 106, 109, 115, 120, 131, 133, 134, 135, 136, 137, 141, 142, 145, 146, 147, 148, 149, 152, 153, 161, 166, 179], "summary": {"covered_lines": 52, "num_statements": 66, "percent_covered": 78.78787878787878, "percent_covered_display": "79", "missing_lines": 14, "excluded_lines": 18}, "missing_lines": [43, 50, 116, 125, 143, 144, 163, 168, 169, 170, 171, 172, 173, 174], "excluded_lines": [76, 77, 78, 79, 80, 81, 82, 83, 145, 146, 147, 148, 149, 152, 153, 159, 175, 176]}}}, "src/simple_resume/core/pdf_generation_strategy.py": {"executed_lines": [1, 8, 9, 10, 11, 12, 14, 15, 20, 23, 24, 25, 27, 28, 29, 30, 31, 34, 35, 37, 38, 53, 54, 59, 60, 62, 64, 66, 72, 74, 103, 105, 107, 110, 113, 118, 119, 120, 126, 136, 138, 141, 155, 156, 158, 166, 171, 172, 174, 182], "summary": {"covered_lines": 44, "num_statements": 55, "percent_covered": 80.0, "percent_covered_display": "80", "missing_lines": 11, "excluded_lines": 0}, "missing_lines": [51, 56, 139, 143, 144, 145, 147, 162, 168, 178, 184], "excluded_lines": [], "functions": {"PdfGenerationStrategy.generate_pdf": {"executed_lines": [], "summary": {"covered_lines": 0, "num_statements": 1, "percent_covered": 0.0, "percent_covered_display": "0", "missing_lines": 1, "excluded_lines": 0}, "missing_lines": [51], "excluded_lines": []}, "PdfGenerationStrategy.get_template_name": {"executed_lines": [], "summary": {"covered_lines": 0, "num_statements": 1, "percent_covered": 0.0, "percent_covered_display": "0", "missing_lines": 1, "excluded_lines": 0}, "missing_lines": [56], "excluded_lines": []}, "PdfGenerationOrchestrator.__init__": {"executed_lines": [64], "summary": {"covered_lines": 1, "num_statements": 1, "percent_covered": 100.0, "percent_covered_display": "100", "missing_lines": 0, "excluded_lines": 0}, "missing_lines": [], "excluded_lines": []}, "PdfGenerationOrchestrator.register_strategy": {"executed_lines": [72], "summary": {"covered_lines": 1, "num_statements": 1, "percent_covered": 100.0, "percent_covered_display": "100", "missing_lines": 0, "excluded_lines": 0}, "missing_lines": [], "excluded_lines": []}, "PdfGenerationOrchestrator.generate_pdf": {"executed_lines": [103, 105, 107, 110, 113, 118, 119, 120, 126, 136, 138, 141], "summary": {"covered_lines": 12, "num_statements": 17, "percent_covered": 70.58823529411765, "percent_covered_display": "71", "missing_lines": 5, "excluded_lines": 0}, "missing_lines": [139, 143, 144, 145, 147], "excluded_lines": []}, "WeasyPrintStrategy.generate_pdf": {"executed_lines": [], "summary": {"covered_lines": 0, "num_statements": 1, "percent_covered": 0.0, "percent_covered_display": "0", "missing_lines": 1, "excluded_lines": 0}, "missing_lines": [162], "excluded_lines": []}, "WeasyPrintStrategy.get_template_name": {"executed_lines": [], "summary": {"covered_lines": 0, "num_statements": 1, "percent_covered": 0.0, "percent_covered_display": "0", "missing_lines": 1, "excluded_lines": 0}, "missing_lines": [168], "excluded_lines": []}, "LatexStrategy.generate_pdf": {"executed_lines": [], "summary": {"covered_lines": 0, "num_statements": 1, "percent_covered": 0.0, "percent_covered_display": "0", "missing_lines": 1, "excluded_lines": 0}, "missing_lines": [178], "excluded_lines": []}, "LatexStrategy.get_template_name": {"executed_lines": [], "summary": {"covered_lines": 0, "num_statements": 1, "percent_covered": 0.0, "percent_covered_display": "0", "missing_lines": 1, "excluded_lines": 0}, "missing_lines": [184], "excluded_lines": []}, "": {"executed_lines": [1, 8, 9, 10, 11, 12, 14, 15, 20, 23, 24, 25, 27, 28, 29, 30, 31, 34, 35, 37, 38, 53, 54, 59, 60, 62, 66, 74, 155, 156, 158, 166, 171, 172, 174, 182], "summary": {"covered_lines": 30, "num_statements": 30, "percent_covered": 100.0, "percent_covered_display": "100", "missing_lines": 0, "excluded_lines": 0}, "missing_lines": [], "excluded_lines": []}}, "classes": {"PdfGenerationRequest": {"executed_lines": [], "summary": {"covered_lines": 0, "num_statements": 0, "percent_covered": 100.0, "percent_covered_display": "100", "missing_lines": 0, "excluded_lines": 0}, "missing_lines": [], "excluded_lines": []}, "PdfGenerationStrategy": {"executed_lines": [], "summary": {"covered_lines": 0, "num_statements": 2, "percent_covered": 0.0, "percent_covered_display": "0", "missing_lines": 2, "excluded_lines": 0}, "missing_lines": [51, 56], "excluded_lines": []}, "PdfGenerationOrchestrator": {"executed_lines": [64, 72, 103, 105, 107, 110, 113, 118, 119, 120, 126, 136, 138, 141], "summary": {"covered_lines": 14, "num_statements": 19, "percent_covered": 73.6842105263158, "percent_covered_display": "74", "missing_lines": 5, "excluded_lines": 0}, "missing_lines": [139, 143, 144, 145, 147], "excluded_lines": []}, "WeasyPrintStrategy": {"executed_lines": [], "summary": {"covered_lines": 0, "num_statements": 2, "percent_covered": 0.0, "percent_covered_display": "0", "missing_lines": 2, "excluded_lines": 0}, "missing_lines": [162, 168], "excluded_lines": []}, "LatexStrategy": {"executed_lines": [], "summary": {"covered_lines": 0, "num_statements": 2, "percent_covered": 0.0, "percent_covered_display": "0", "missing_lines": 2, "excluded_lines": 0}, "missing_lines": [178, 184], "excluded_lines": []}, "": {"executed_lines": [1, 8, 9, 10, 11, 12, 14, 15, 20, 23, 24, 25, 27, 28, 29, 30, 31, 34, 35, 37, 38, 53, 54, 59, 60, 62, 66, 74, 155, 156, 158, 166, 171, 172, 174, 182], "summary": {"covered_lines": 30, "num_statements": 30, "percent_covered": 100.0, "percent_covered_display": "100", "missing_lines": 0, "excluded_lines": 0}, "missing_lines": [], "excluded_lines": []}}}, "src/simple_resume/core/plan.py": {"executed_lines": [1, 3, 5, 6, 7, 9, 10, 11, 12, 13, 14, 17, 21, 22, 24, 25, 27, 38, 39, 40, 41, 42, 43, 44, 48, 50, 54, 94, 95, 103, 111, 112, 113, 119, 123, 124, 125, 131, 138, 141, 147, 149, 150, 151, 152, 153, 154, 155, 157, 158, 159, 161, 164, 168, 169, 171, 174, 185, 186, 195, 196, 198, 199, 201, 212, 219, 220, 221, 223, 230, 232, 236, 238, 240, 241, 250, 251, 253, 254, 255, 257, 268], "summary": {"covered_lines": 80, "num_statements": 80, "percent_covered": 100.0, "percent_covered_display": "100", "missing_lines": 0, "excluded_lines": 5}, "missing_lines": [], "excluded_lines": [114, 115, 116, 131, 132], "functions": {"validate_resume_config": {"executed_lines": [21, 22, 24, 25, 27, 38, 39, 40, 41, 42, 43, 44, 48, 50, 54, 94, 95, 103, 111, 112, 113], "summary": {"covered_lines": 21, "num_statements": 21, "percent_covered": 100.0, "percent_covered_display": "100", "missing_lines": 0, "excluded_lines": 3}, "missing_lines": [], "excluded_lines": [114, 115, 116]}, "validate_resume_config_or_raise": {"executed_lines": [123, 124, 125, 131, 138], "summary": {"covered_lines": 4, "num_statements": 4, "percent_covered": 100.0, "percent_covered_display": "100", "missing_lines": 0, "excluded_lines": 2}, "missing_lines": [], "excluded_lines": [131, 132]}, "normalize_with_palette_fallback": {"executed_lines": [147, 149, 150, 151, 152, 153, 154, 155, 157, 158, 159, 161], "summary": {"covered_lines": 12, "num_statements": 12, "percent_covered": 100.0, "percent_covered_display": "100", "missing_lines": 0, "excluded_lines": 0}, "missing_lines": [], "excluded_lines": []}, "transform_for_mode": {"executed_lines": [168, 169, 171], "summary": {"covered_lines": 3, "num_statements": 3, "percent_covered": 100.0, "percent_covered_display": "100", "missing_lines": 0, "excluded_lines": 0}, "missing_lines": [], "excluded_lines": []}, "build_render_plan": {"executed_lines": [185, 186, 195, 196, 198, 199, 201], "summary": {"covered_lines": 7, "num_statements": 7, "percent_covered": 100.0, "percent_covered_display": "100", "missing_lines": 0, "excluded_lines": 0}, "missing_lines": [], "excluded_lines": []}, "prepare_render_data": {"executed_lines": [219, 220, 221, 223, 230, 232, 236, 238, 240, 241, 250, 251, 253, 254, 255, 257], "summary": {"covered_lines": 16, "num_statements": 16, "percent_covered": 100.0, "percent_covered_display": "100", "missing_lines": 0, "excluded_lines": 0}, "missing_lines": [], "excluded_lines": []}, "": {"executed_lines": [1, 3, 5, 6, 7, 9, 10, 11, 12, 13, 14, 17, 119, 141, 164, 174, 212, 268], "summary": {"covered_lines": 17, "num_statements": 17, "percent_covered": 100.0, "percent_covered_display": "100", "missing_lines": 0, "excluded_lines": 0}, "missing_lines": [], "excluded_lines": []}}, "classes": {"": {"executed_lines": [1, 3, 5, 6, 7, 9, 10, 11, 12, 13, 14, 17, 21, 22, 24, 25, 27, 38, 39, 40, 41, 42, 43, 44, 48, 50, 54, 94, 95, 103, 111, 112, 113, 119, 123, 124, 125, 131, 138, 141, 147, 149, 150, 151, 152, 153, 154, 155, 157, 158, 159, 161, 164, 168, 169, 171, 174, 185, 186, 195, 196, 198, 199, 201, 212, 219, 220, 221, 223, 230, 232, 236, 238, 240, 241, 250, 251, 253, 254, 255, 257, 268], "summary": {"covered_lines": 80, "num_statements": 80, "percent_covered": 100.0, "percent_covered_display": "100", "missing_lines": 0, "excluded_lines": 5}, "missing_lines": [], "excluded_lines": [114, 115, 116, 131, 132]}}}, "src/simple_resume/core/resume.py": {"executed_lines": [1, 7, 9, 13, 14, 15, 16, 17, 18, 20, 22, 29, 30, 33, 40, 45, 46, 47, 53, 54, 55, 56, 57, 58, 61, 67, 68, 72, 73, 74, 75, 76, 77, 79, 80, 83, 84, 93, 113, 114, 119, 120, 121, 122, 123, 124, 127, 128, 129, 133, 134, 158, 159, 160, 164, 165, 166, 167, 169, 175, 178, 182, 190, 191, 192, 193, 199, 200, 220, 229, 252, 255, 256, 257, 261, 266, 275, 282, 306, 308, 310, 313, 316, 317, 322, 327, 330, 331, 340, 342, 355, 369, 379, 380, 387, 388, 390, 398, 408, 409, 415, 417, 418, 419, 420, 421, 422, 425, 427, 429, 430, 432, 440, 450, 451, 456, 457, 458, 459, 461, 462, 464, 465, 466, 467, 468, 473, 474, 475, 479, 482, 486, 487, 490, 491, 493, 501, 508, 515, 516, 522, 526, 527, 528, 529, 530, 531, 532, 536, 540, 541, 542, 543, 549, 556, 560, 561, 567, 568, 574, 580, 584, 588, 594, 610, 618, 619, 620, 623, 630, 631, 632, 637, 638, 644, 646, 669, 670, 675, 676, 680, 681, 683, 684, 692, 717, 718, 719, 720, 721, 723, 748, 749, 756, 758, 768, 772, 773, 774, 775, 780, 785, 787, 789, 791, 800, 812, 813, 830, 840, 841, 845, 847, 848, 855], "summary": {"covered_lines": 202, "num_statements": 228, "percent_covered": 88.59649122807018, "percent_covered_display": "89", "missing_lines": 26, "excluded_lines": 16}, "missing_lines": [263, 318, 324, 343, 347, 353, 357, 358, 359, 360, 426, 428, 488, 533, 534, 611, 612, 686, 750, 795, 796, 798, 804, 805, 810, 852], "excluded_lines": [67, 68, 69, 70, 71, 72, 73, 74, 75, 76, 77, 78, 79, 80, 787, 788], "functions": {"_temporary_backend_bindings": {"executed_lines": [72, 73, 74, 75, 76, 77, 79, 80], "summary": {"covered_lines": 0, "num_statements": 0, "percent_covered": 100.0, "percent_covered_display": "100", "missing_lines": 0, "excluded_lines": 10}, "missing_lines": [], "excluded_lines": [71, 72, 73, 74, 75, 76, 77, 78, 79, 80]}, "Resume.__init__": {"executed_lines": [113, 114, 119, 120, 121, 122, 123, 124, 127, 128, 129], "summary": {"covered_lines": 11, "num_statements": 11, "percent_covered": 100.0, "percent_covered_display": "100", "missing_lines": 0, "excluded_lines": 0}, "missing_lines": [], "excluded_lines": []}, "Resume.read_yaml": {"executed_lines": [158, 159, 160, 164, 165, 166, 167, 169, 175, 178, 182, 190, 191, 192, 193], "summary": {"covered_lines": 15, "num_statements": 15, "percent_covered": 100.0, "percent_covered_display": "100", "missing_lines": 0, "excluded_lines": 0}, "missing_lines": [], "excluded_lines": []}, "Resume.from_data": {"executed_lines": [220], "summary": {"covered_lines": 1, "num_statements": 1, "percent_covered": 100.0, "percent_covered_display": "100", "missing_lines": 0, "excluded_lines": 0}, "missing_lines": [], "excluded_lines": []}, "Resume.to_pdf": {"executed_lines": [252, 255, 256, 257, 261, 266, 275], "summary": {"covered_lines": 7, "num_statements": 8, "percent_covered": 87.5, "percent_covered_display": "88", "missing_lines": 1, "excluded_lines": 0}, "missing_lines": [263], "excluded_lines": []}, "Resume.to_html": {"executed_lines": [306, 308, 310, 313, 316, 317, 322, 327, 330, 331, 340, 342, 355], "summary": {"covered_lines": 13, "num_statements": 22, "percent_covered": 59.09090909090909, "percent_covered_display": "59", "missing_lines": 9, "excluded_lines": 0}, "missing_lines": [318, 324, 343, 347, 353, 357, 358, 359, 360], "excluded_lines": []}, "Resume.with_template": {"executed_lines": [379, 380, 387, 388, 390], "summary": {"covered_lines": 5, "num_statements": 5, "percent_covered": 100.0, "percent_covered_display": "100", "missing_lines": 0, "excluded_lines": 0}, "missing_lines": [], "excluded_lines": []}, "Resume.with_palette": {"executed_lines": [408, 409, 415, 417, 418, 419, 420, 421, 422, 425, 427, 429, 430, 432], "summary": {"covered_lines": 14, "num_statements": 16, "percent_covered": 87.5, "percent_covered_display": "88", "missing_lines": 2, "excluded_lines": 0}, "missing_lines": [426, 428], "excluded_lines": []}, "Resume.with_config": {"executed_lines": [450, 451, 456, 457, 458, 459, 461, 462, 464, 465, 466, 467, 468, 473, 474, 475, 479, 482, 486, 487, 490, 491, 493], "summary": {"covered_lines": 23, "num_statements": 24, "percent_covered": 95.83333333333333, "percent_covered_display": "96", "missing_lines": 1, "excluded_lines": 0}, "missing_lines": [488], "excluded_lines": []}, "Resume.preview": {"executed_lines": [508, 515, 516], "summary": {"covered_lines": 3, "num_statements": 3, "percent_covered": 100.0, "percent_covered_display": "100", "missing_lines": 0, "excluded_lines": 0}, "missing_lines": [], "excluded_lines": []}, "Resume._cleanup_latex_artifacts": {"executed_lines": [526, 527, 528, 529, 530, 531, 532], "summary": {"covered_lines": 7, "num_statements": 9, "percent_covered": 77.77777777777777, "percent_covered_display": "78", "missing_lines": 2, "excluded_lines": 0}, "missing_lines": [533, 534], "excluded_lines": []}, "Resume._generate_pdf_with_weasyprint": {"executed_lines": [540, 541, 542, 543, 549], "summary": {"covered_lines": 5, "num_statements": 5, "percent_covered": 100.0, "percent_covered_display": "100", "missing_lines": 0, "excluded_lines": 0}, "missing_lines": [], "excluded_lines": []}, "Resume._generate_pdf_with_latex": {"executed_lines": [560, 561, 567, 568, 574], "summary": {"covered_lines": 5, "num_statements": 5, "percent_covered": 100.0, "percent_covered_display": "100", "missing_lines": 0, "excluded_lines": 0}, "missing_lines": [], "excluded_lines": []}, "Resume._generate_html_with_jinja": {"executed_lines": [584, 588], "summary": {"covered_lines": 2, "num_statements": 2, "percent_covered": 100.0, "percent_covered_display": "100", "missing_lines": 0, "excluded_lines": 0}, "missing_lines": [], "excluded_lines": []}, "Resume._normalize_backend_result": {"executed_lines": [610, 618, 619, 620, 623, 630, 631, 632, 637, 638, 644], "summary": {"covered_lines": 11, "num_statements": 13, "percent_covered": 84.61538461538461, "percent_covered_display": "85", "missing_lines": 2, "excluded_lines": 0}, "missing_lines": [611, 612], "excluded_lines": []}, "Resume.generate": {"executed_lines": [669, 670, 675, 676, 680, 681, 683, 684], "summary": {"covered_lines": 8, "num_statements": 9, "percent_covered": 88.88888888888889, "percent_covered_display": "89", "missing_lines": 1, "excluded_lines": 0}, "missing_lines": [686], "excluded_lines": []}, "Resume.validate": {"executed_lines": [717, 718, 719, 720, 721], "summary": {"covered_lines": 5, "num_statements": 5, "percent_covered": 100.0, "percent_covered_display": "100", "missing_lines": 0, "excluded_lines": 0}, "missing_lines": [], "excluded_lines": []}, "Resume.validate_or_raise": {"executed_lines": [748, 749, 756], "summary": {"covered_lines": 3, "num_statements": 4, "percent_covered": 75.0, "percent_covered_display": "75", "missing_lines": 1, "excluded_lines": 0}, "missing_lines": [750], "excluded_lines": []}, "Resume._prepare_render_plan": {"executed_lines": [768, 772, 773, 774, 775, 780, 785, 787, 789], "summary": {"covered_lines": 8, "num_statements": 8, "percent_covered": 100.0, "percent_covered_display": "100", "missing_lines": 0, "excluded_lines": 2}, "missing_lines": [], "excluded_lines": [787, 788]}, "Resume._generate_pdf": {"executed_lines": [], "summary": {"covered_lines": 0, "num_statements": 3, "percent_covered": 0.0, "percent_covered_display": "0", "missing_lines": 3, "excluded_lines": 0}, "missing_lines": [795, 796, 798], "excluded_lines": []}, "Resume._generate_html": {"executed_lines": [], "summary": {"covered_lines": 0, "num_statements": 3, "percent_covered": 0.0, "percent_covered_display": "0", "missing_lines": 3, "excluded_lines": 0}, "missing_lines": [804, 805, 810], "excluded_lines": []}, "Resume.prepare_render_data": {"executed_lines": [830], "summary": {"covered_lines": 1, "num_statements": 1, "percent_covered": 100.0, "percent_covered_display": "100", "missing_lines": 0, "excluded_lines": 0}, "missing_lines": [], "excluded_lines": []}, "Resume.validate_config": {"executed_lines": [845], "summary": {"covered_lines": 1, "num_statements": 1, "percent_covered": 100.0, "percent_covered_display": "100", "missing_lines": 0, "excluded_lines": 0}, "missing_lines": [], "excluded_lines": []}, "Resume.validate_config_or_raise": {"executed_lines": [], "summary": {"covered_lines": 0, "num_statements": 1, "percent_covered": 0.0, "percent_covered_display": "0", "missing_lines": 1, "excluded_lines": 0}, "missing_lines": [852], "excluded_lines": []}, "": {"executed_lines": [1, 7, 9, 13, 14, 15, 16, 17, 18, 20, 22, 29, 30, 33, 40, 45, 46, 47, 53, 54, 55, 56, 57, 58, 61, 67, 68, 83, 84, 93, 133, 134, 199, 200, 229, 282, 369, 398, 440, 501, 522, 536, 556, 580, 594, 646, 692, 723, 758, 791, 800, 812, 813, 840, 841, 847, 848, 855], "summary": {"covered_lines": 54, "num_statements": 54, "percent_covered": 100.0, "percent_covered_display": "100", "missing_lines": 0, "excluded_lines": 4}, "missing_lines": [], "excluded_lines": [67, 68, 69, 70]}}, "classes": {"Resume": {"executed_lines": [113, 114, 119, 120, 121, 122, 123, 124, 127, 128, 129, 158, 159, 160, 164, 165, 166, 167, 169, 175, 178, 182, 190, 191, 192, 193, 220, 252, 255, 256, 257, 261, 266, 275, 306, 308, 310, 313, 316, 317, 322, 327, 330, 331, 340, 342, 355, 379, 380, 387, 388, 390, 408, 409, 415, 417, 418, 419, 420, 421, 422, 425, 427, 429, 430, 432, 450, 451, 456, 457, 458, 459, 461, 462, 464, 465, 466, 467, 468, 473, 474, 475, 479, 482, 486, 487, 490, 491, 493, 508, 515, 516, 526, 527, 528, 529, 530, 531, 532, 540, 541, 542, 543, 549, 560, 561, 567, 568, 574, 584, 588, 610, 618, 619, 620, 623, 630, 631, 632, 637, 638, 644, 669, 670, 675, 676, 680, 681, 683, 684, 717, 718, 719, 720, 721, 748, 749, 756, 768, 772, 773, 774, 775, 780, 785, 787, 789, 830, 845], "summary": {"covered_lines": 148, "num_statements": 174, "percent_covered": 85.05747126436782, "percent_covered_display": "85", "missing_lines": 26, "excluded_lines": 2}, "missing_lines": [263, 318, 324, 343, 347, 353, 357, 358, 359, 360, 426, 428, 488, 533, 534, 611, 612, 686, 750, 795, 796, 798, 804, 805, 810, 852], "excluded_lines": [787, 788]}, "": {"executed_lines": [1, 7, 9, 13, 14, 15, 16, 17, 18, 20, 22, 29, 30, 33, 40, 45, 46, 47, 53, 54, 55, 56, 57, 58, 61, 67, 68, 72, 73, 74, 75, 76, 77, 79, 80, 83, 84, 93, 133, 134, 199, 200, 229, 282, 369, 398, 440, 501, 522, 536, 556, 580, 594, 646, 692, 723, 758, 791, 800, 812, 813, 840, 841, 847, 848, 855], "summary": {"covered_lines": 54, "num_statements": 54, "percent_covered": 100.0, "percent_covered_display": "100", "missing_lines": 0, "excluded_lines": 14}, "missing_lines": [], "excluded_lines": [67, 68, 69, 70, 71, 72, 73, 74, 75, 76, 77, 78, 79, 80]}}}, "src/simple_resume/dependencies.py": {"executed_lines": [1, 7, 9, 10, 12, 13, 14, 17, 18, 20, 31, 32, 34, 38, 42, 46, 50, 54, 58, 63, 64, 66, 71, 72, 74, 82, 89, 90, 92, 94, 96, 98, 100, 102, 104, 106, 107, 109, 111, 113, 115, 117, 119, 121, 123, 125, 128, 129, 131, 133, 136, 137, 140, 141, 144, 145, 147, 150, 151, 153, 160, 161, 162, 164, 172, 175, 177, 178, 181, 184, 185, 188, 189, 191, 193, 195, 197, 199, 201, 214, 216, 218, 220, 222, 224, 227, 228, 229, 231, 232, 233, 237, 239], "summary": {"covered_lines": 84, "num_statements": 85, "percent_covered": 98.82352941176471, "percent_covered_display": "99", "missing_lines": 1, "excluded_lines": 21}, "missing_lines": [208], "excluded_lines": [28, 29, 30, 36, 37, 40, 41, 44, 45, 48, 49, 52, 53, 56, 57, 60, 61, 62, 68, 69, 70], "functions": {"ResumeLoader.load_resume": {"executed_lines": [], "summary": {"covered_lines": 0, "num_statements": 0, "percent_covered": 100.0, "percent_covered_display": "100", "missing_lines": 0, "excluded_lines": 1}, "missing_lines": [], "excluded_lines": [28]}, "ResumeCache.get_resume": {"executed_lines": [], "summary": {"covered_lines": 0, "num_statements": 0, "percent_covered": 100.0, "percent_covered_display": "100", "missing_lines": 0, "excluded_lines": 1}, "missing_lines": [], "excluded_lines": [36]}, "ResumeCache.put_resume": {"executed_lines": [], "summary": {"covered_lines": 0, "num_statements": 0, "percent_covered": 100.0, "percent_covered_display": "100", "missing_lines": 0, "excluded_lines": 1}, "missing_lines": [], "excluded_lines": [40]}, "ResumeCache.invalidate_resume": {"executed_lines": [], "summary": {"covered_lines": 0, "num_statements": 0, "percent_covered": 100.0, "percent_covered_display": "100", "missing_lines": 0, "excluded_lines": 1}, "missing_lines": [], "excluded_lines": [44]}, "ResumeCache.clear_cache": {"executed_lines": [], "summary": {"covered_lines": 0, "num_statements": 0, "percent_covered": 100.0, "percent_covered_display": "100", "missing_lines": 0, "excluded_lines": 1}, "missing_lines": [], "excluded_lines": [48]}, "ResumeCache.get_cache_keys": {"executed_lines": [], "summary": {"covered_lines": 0, "num_statements": 0, "percent_covered": 100.0, "percent_covered_display": "100", "missing_lines": 0, "excluded_lines": 1}, "missing_lines": [], "excluded_lines": [52]}, "ResumeCache.get_cache_size": {"executed_lines": [], "summary": {"covered_lines": 0, "num_statements": 0, "percent_covered": 100.0, "percent_covered_display": "100", "missing_lines": 0, "excluded_lines": 1}, "missing_lines": [], "excluded_lines": [56]}, "ResumeCache.get_memory_usage": {"executed_lines": [], "summary": {"covered_lines": 0, "num_statements": 0, "percent_covered": 100.0, "percent_covered_display": "100", "missing_lines": 0, "excluded_lines": 1}, "missing_lines": [], "excluded_lines": [60]}, "ResumeConfigurator.configure_resume": {"executed_lines": [], "summary": {"covered_lines": 0, "num_statements": 0, "percent_covered": 100.0, "percent_covered_display": "100", "missing_lines": 0, "excluded_lines": 1}, "missing_lines": [], "excluded_lines": [68]}, "DefaultResumeLoader.load_resume": {"executed_lines": [82], "summary": {"covered_lines": 1, "num_statements": 1, "percent_covered": 100.0, "percent_covered_display": "100", "missing_lines": 0, "excluded_lines": 0}, "missing_lines": [], "excluded_lines": []}, "MemoryResumeCache.__init__": {"executed_lines": [94], "summary": {"covered_lines": 1, "num_statements": 1, "percent_covered": 100.0, "percent_covered_display": "100", "missing_lines": 0, "excluded_lines": 0}, "missing_lines": [], "excluded_lines": []}, "MemoryResumeCache.get_resume": {"executed_lines": [98], "summary": {"covered_lines": 1, "num_statements": 1, "percent_covered": 100.0, "percent_covered_display": "100", "missing_lines": 0, "excluded_lines": 0}, "missing_lines": [], "excluded_lines": []}, "MemoryResumeCache.put_resume": {"executed_lines": [102], "summary": {"covered_lines": 1, "num_statements": 1, "percent_covered": 100.0, "percent_covered_display": "100", 
[...]
, "missing_lines": [], "excluded_lines": []}, "get_content": {"executed_lines": [243, 247, 248, 253], "summary": {"covered_lines": 4, "num_statements": 4, "percent_covered": 100.0, "percent_covered_display": "100", "missing_lines": 0, "excluded_lines": 0}, "missing_lines": [], "excluded_lines": []}, "": {"executed_lines": [2, 4, 6, 7, 8, 9, 10, 12, 14, 20, 21, 22, 23, 24, 25, 26, 28, 29, 30, 33, 50, 51, 53, 60, 69, 76, 91, 122, 132, 151, 170, 195, 226], "summary": {"covered_lines": 29, "num_statements": 29, "percent_covered": 100.0, "percent_covered_display": "100", "missing_lines": 0, "excluded_lines": 14}, "missing_lines": [], "excluded_lines": [53, 54, 55, 56, 57, 59, 60, 61, 62, 63, 64, 65, 67, 68]}}, "classes": {"_HydrationModule": {"executed_lines": [], "summary": {"covered_lines": 0, "num_statements": 0, "percent_covered": 100.0, "percent_covered_display": "100", "missing_lines": 0, "excluded_lines": 2}, "missing_lines": [], "excluded_lines": [58, 66]}, "": {"executed_lines": [2, 4, 6, 7, 8, 9, 10, 12, 14, 20, 21, 22, 23, 24, 25, 26, 28, 29, 30, 33, 50, 51, 53, 60, 69, 71, 72, 76, 80, 81, 82, 83, 88, 91, 93, 95, 96, 98, 99, 101, 103, 107, 108, 109, 110, 111, 114, 116, 119, 122, 126, 127, 128, 129, 132, 143, 144, 146, 147, 148, 151, 153, 156, 157, 158, 159, 160, 161, 162, 163, 165, 166, 167, 170, 181, 183, 184, 188, 189, 190, 191, 192, 195, 206, 214, 215, 216, 218, 219, 220, 221, 222, 223, 226, 243, 247, 248, 253], "summary": {"covered_lines": 94, "num_statements": 98, "percent_covered": 95.91836734693878, "percent_covered_display": "96", "missing_lines": 4, "excluded_lines": 14}, "missing_lines": [73, 112, 117, 182], "excluded_lines": [53, 54, 55, 56, 57, 59, 60, 61, 62, 63, 64, 65, 67, 68]}}}, "src/simple_resume/utils/__init__.py": {"executed_lines": [1, 3, 5, 7], "summary": {"covered_lines": 3, "num_statements": 3, "percent_covered": 100.0, "percent_covered_display": "100", "missing_lines": 0, "excluded_lines": 0}, "missing_lines": [], "excluded_lines": [], "functions": {"": {"executed_lines": [1, 3, 5, 7], "summary": {"covered_lines": 3, "num_statements": 3, "percent_covered": 100.0, "percent_covered_display": "100", "missing_lines": 0, "excluded_lines": 0}, "missing_lines": [], "excluded_lines": []}}, "classes": {"": {"executed_lines": [1, 3, 5, 7], "summary": {"covered_lines": 3, "num_statements": 3, "percent_covered": 100.0, "percent_covered_display": "100", "missing_lines": 0, "excluded_lines": 0}, "missing_lines": [], "excluded_lines": []}}}, "src/simple_resume/utils/colors.py": {"executed_lines": [1, 9, 11, 13, 23, 30], "summary": {"covered_lines": 5, "num_statements": 5, "percent_covered": 100.0, "percent_covered_display": "100", "missing_lines": 0, "excluded_lines": 0}, "missing_lines": [], "excluded_lines": [], "functions": {"": {"executed_lines": [1, 9, 11, 13, 23, 30], "summary": {"covered_lines": 5, "num_statements": 5, "percent_covered": 100.0, "percent_covered_display": "100", "missing_lines": 0, "excluded_lines": 0}, "missing_lines": [], "excluded_lines": []}}, "classes": {"": {"executed_lines": [1, 9, 11, 13, 23, 30], "summary": {"covered_lines": 5, "num_statements": 5, "percent_covered": 100.0, "percent_covered_display": "100", "missing_lines": 0, "excluded_lines": 0}, "missing_lines": [], "excluded_lines": []}}}, "src/simple_resume/utils/io.py": {"executed_lines": [1, 10, 12, 13, 14, 16, 18, 21, 23, 24, 25, 26, 27, 30, 36, 37, 39, 42, 43, 44, 46, 48, 49, 61, 71, 73, 74, 75, 76, 78, 82, 96, 97, 100, 101, 102, 103, 105, 106, 109, 112, 126, 127, 128, 130, 131, 133, 134, 136, 137, 142, 145, 159, 178], "summary": {"covered_lines": 53, "num_statements": 64, "percent_covered": 82.8125, "percent_covered_display": "83", "missing_lines": 11, "excluded_lines": 0}, "missing_lines": [40, 58, 72, 77, 79, 155, 156, 171, 172, 174, 175], "excluded_lines": [], "functions": {"candidate_yaml_path": {"executed_lines": [23, 24, 25, 26, 27], "summary": {"covered_lines": 5, "num_statements": 5, "percent_covered": 100.0, "percent_covered_display": "100", "missing_lines": 0, "excluded_lines": 0}, "missing_lines": [], "excluded_lines": []}, "resolve_paths_for_read": {"executed_lines": [36, 37, 39, 42, 43, 44, 46, 48, 49], "summary": {"covered_lines": 9, "num_statements": 11, "percent_covered": 81.81818181818181, "percent_covered_display": "82", "missing_lines": 2, "excluded_lines": 0}, "missing_lines": [40, 58], "excluded_lines": []}, "normalize_resume_name": {"executed_lines": [71, 73, 74, 75, 76, 78], "summary": {"covered_lines": 6, "num_statements": 9, "percent_covered": 66.66666666666667, "percent_covered_display": "67", "missing_lines": 3, "excluded_lines": 0}, "missing_lines": [72, 77, 79], "excluded_lines": []}, "find_resume_file": {"executed_lines": [96, 97, 100, 101, 102, 103, 105, 106, 109], "summary": {"covered_lines": 9, "num_statements": 9, "percent_covered": 100.0, "percent_covered_display": "100", "missing_lines": 0, "excluded_lines": 0}, "missing_lines": [], "excluded_lines": []}, "read_yaml_file": {"executed_lines": [126, 127, 128, 130, 131, 133, 134, 136, 137, 142], "summary": {"covered_lines": 10, "num_statements": 10, "percent_covered": 100.0, "percent_covered_display": "100", "missing_lines": 0, "excluded_lines": 0}, "missing_lines": [], "excluded_lines": []}, "ensure_directory_exists": {"executed_lines": [], "summary": {"covered_lines": 0, "num_statements": 2, "percent_covered": 0.0, "percent_covered_display": "0", "missing_lines": 2, "excluded_lines": 0}, "missing_lines": [155, 156], "excluded_lines": []}, "resolve_output_path": {"executed_lines": [], "summary": {"covered_lines": 0, "num_statements": 4, "percent_covered": 0.0, "percent_covered_display": "0", "missing_lines": 4, "excluded_lines": 0}, "missing_lines": [171, 172, 174, 175], "excluded_lines": []}, "": {"executed_lines": [1, 10, 12, 13, 14, 16, 18, 21, 30, 61, 82, 112, 145, 159, 178], "summary": {"covered_lines": 14, "num_statements": 14, "percent_covered": 100.0, "percent_covered_display": "100", "missing_lines": 0, "excluded_lines": 0}, "missing_lines": [], "excluded_lines": []}}, "classes": {"": {"executed_lines": [1, 10, 12, 13, 14, 16, 18, 21, 23, 24, 25, 26, 27, 30, 36, 37, 39, 42, 43, 44, 46, 48, 49, 61, 71, 73, 74, 75, 76, 78, 82, 96, 97, 100, 101, 102, 103, 105, 106, 109, 112, 126, 127, 128, 130, 131, 133, 134, 136, 137, 142, 145, 159, 178], "summary": {"covered_lines": 53, "num_statements": 64, "percent_covered": 82.8125, "percent_covered_display": "83", "missing_lines": 11, "excluded_lines": 0}, "missing_lines": [40, 58, 72, 77, 79, 155, 156, 171, 172, 174, 175], "excluded_lines": []}}}, "src/simple_resume/utils/lazy_import.py": {"executed_lines": [1, 7, 9, 10, 11, 13, 16, 17, 19, 26, 27, 28, 30, 37, 42, 48, 49, 51, 64, 73, 79, 80, 90, 93, 94, 109, 110, 111, 115, 120, 125, 130, 135, 140, 145, 150, 155, 160], "summary": {"covered_lines": 35, "num_statements": 64, "percent_covered": 54.6875, "percent_covered_display": "55", "missing_lines": 29, "excluded_lines": 0}, "missing_lines": [32, 33, 34, 35, 39, 40, 44, 45, 59, 60, 61, 62, 66, 67, 68, 69, 71, 75, 76, 105, 117, 122, 127, 132, 137, 142, 147, 152, 157], "excluded_lines": [], "functions": {"LazyModule.__init__": {"executed_lines": [26, 27, 28], "summary": {"covered_lines": 3, "num_statements": 3, "percent_covered": 100.0, "percent_covered_display": "100", "missing_lines": 0, "excluded_lines": 0}, "missing_lines": [], "excluded_lines": []}, "LazyModule._load": {"executed_lines": [], "summary": {"covered_lines": 0, "num_statements": 4, "percent_covered": 0.0, "percent_covered_display": "0", "missing_lines": 4, "excluded_lines": 0}, "missing_lines": [32, 33, 34, 35], "excluded_lines": []}, "LazyModule.__getattr__": {"executed_lines": [], "summary": {"covered_lines": 0, "num_statements": 2, "percent_covered": 0.0, "percent_covered_display": "0", "missing_lines": 2, "excluded_lines": 0}, "missing_lines": [39, 40], "excluded_lines": []}, "LazyModule.__dir__": {"executed_lines": [], "summary": {"covered_lines": 0, "num_statements": 2, "percent_covered": 0.0, "percent_covered_display": "0", "missing_lines": 2, "excluded_lines": 0}, "missing_lines": [44, 45], "excluded_lines": []}, "LazyFunction.__init__": {"executed_lines": [], "summary": {"covered_lines": 0, "num_statements": 4, "percent_covered": 0.0, "percent_covered_display": "0", "missing_lines": 4, "excluded_lines": 0}, "missing_lines": [59, 60, 61, 62], "excluded_lines": []}, "LazyFunction._load": {"executed_lines": [], "summary": {"covered_lines": 0, "num_statements": 5, "percent_covered": 0.0, "percent_covered_display": "0", "missing_lines": 5, "excluded_lines": 0}, "missing_lines": [66, 67, 68, 69, 71], "excluded_lines": []}, "LazyFunction.__call__": {"executed_lines": [], "summary": {"covered_lines": 0, "num_statements": 2, "percent_covered": 0.0, "percent_covered_display": "0", "missing_lines": 2, "excluded_lines": 0}, "missing_lines": [75, 76], "excluded_lines": []}, "lazy_import": {"executed_lines": [90], "summary": {"covered_lines": 1, "num_statements": 1, "percent_covered": 100.0, "percent_covered_display": "100", "missing_lines": 0, "excluded_lines": 0}, "missing_lines": [], "excluded_lines": []}, "lazy_function": {"executed_lines": [], "summary": {"covered_lines": 0, "num_statements": 1, "percent_covered": 0.0, "percent_covered_display": "0", "missing_lines": 1, "excluded_lines": 0}, "missing_lines": [105], "excluded_lines": []}, "lazy_create_session": {"executed_lines": [], "summary": {"covered_lines": 0, "num_statements": 1, "percent_covered": 0.0, "percent_covered_display": "0", "missing_lines": 1, "excluded_lines": 0}, "missing_lines": [117], "excluded_lines": []}, "lazy_ResumeSession": {"executed_lines": [], "summary": {"covered_lines": 0, "num_statements": 1, "percent_covered": 0.0, "percent_covered_display": "0", "missing_lines": 1, "excluded_lines": 0}, "missing_lines": [122], "excluded_lines": []}, "lazy_SessionConfig": {"executed_lines": [], "summary": {"covered_lines": 0, "num_statements": 1, "percent_covered": 0.0, "percent_covered_display": "0", "missing_lines": 1, "excluded_lines": 0}, "missing_lines": [127], "excluded_lines": []}, "lazy_GenerationResult": {"executed_lines": [], "summary": {"covered_lines": 0, "num_statements": 1, "percent_covered": 0.0, "percent_covered_display": "0", "missing_lines": 1, "excluded_lines": 0}, "missing_lines": [132], "excluded_lines": []}, "lazy_BatchGenerationResult": {"executed_lines": [], "summary": {"covered_lines": 0, "num_statements": 1, "percent_covered": 0.0, "percent_covered_display": "0", "missing_lines": 1, "excluded_lines": 0}, "missing_lines": [137], "excluded_lines": []}, "lazy_GenerationMetadata": {"executed_lines": [], "summary": {"covered_lines": 0, "num_statements": 1, "percent_covered": 0.0, "percent_covered_display": "0", "missing_lines": 1, "excluded_lines": 0}, "missing_lines": [142], "excluded_lines": []}, "lazy_validate_directory_path": {"executed_lines": [], "summary": {"covered_lines": 0, "num_statements": 1, "percent_covered": 0.0, "percent_covered_display": "0", "missing_lines": 1, "excluded_lines": 0}, "missing_lines": [147], "excluded_lines": []}, "lazy_validate_format": {"executed_lines": [], "summary": {"covered_lines": 0, "num_statements": 1, "percent_covered": 0.0, "percent_covered_display": "0", "missing_lines": 1, "excluded_lines": 0}, "missing_lines": [152], "excluded_lines": []}, "lazy_validate_template_name": {"executed_lines": [], "summary": {"covered_lines": 0, "num_statements": 1, "percent_covered": 0.0, "percent_covered_display": "0", "missing_lines": 1, "excluded_lines": 0}, "missing_lines": [157], "excluded_lines": []}, "": {"executed_lines": [1, 7, 9, 10, 11, 13, 16, 17, 19, 30, 37, 42, 48, 49, 51, 64, 73, 79, 80, 93, 94, 109, 110, 111, 115, 120, 125, 130, 135, 140, 145, 150, 155, 160], "summary": {"covered_lines": 31, "num_statements": 31, "percent_covered": 100.0, "percent_covered_display": "100", "missing_lines": 0, "excluded_lines": 0}, "missing_lines": [], "excluded_lines": []}}, "classes": {"LazyModule": {"executed_lines": [26, 27, 28], "summary": {"covered_lines": 3, "num_statements": 11, "percent_covered": 27.272727272727273, "percent_covered_display": "27", "missing_lines": 8, "excluded_lines": 0}, "missing_lines": [32, 33, 34, 35, 39, 40, 44, 45], "excluded_lines": []}, "LazyFunction": {"executed_lines": [], "summary": {"covered_lines": 0, "num_statements": 11, "percent_covered": 0.0, "percent_covered_display": "0", "missing_lines": 11, "excluded_lines": 0}, "missing_lines": [59, 60, 61, 62, 66, 67, 68, 69, 71, 75, 76], "excluded_lines": []}, "": {"executed_lines": [1, 7, 9, 10, 11, 13, 16, 17, 19, 30, 37, 42, 48, 49, 51, 64, 73, 79, 80, 90, 93, 94, 109, 110, 111, 115, 120, 125, 130, 135, 140, 145, 150, 155, 160], "summary": {"covered_lines": 32, "num_statements": 42, "percent_covered": 76.19047619047619, "percent_covered_display": "76", "missing_lines": 10, "excluded_lines": 0}, "missing_lines": [105, 117, 122, 127, 132, 137, 142, 147, 152, 157], "excluded_lines": []}}}, "src/simple_resume/utils/skills.py": {"executed_lines": [1, 3, 5, 8, 10, 12, 13, 14, 17, 21, 23, 24, 26, 27, 28, 29, 30, 37, 38, 39, 40, 42, 44, 46, 48, 51, 52, 53, 54, 56, 57, 59, 60], "summary": {"covered_lines": 32, "num_statements": 33, "percent_covered": 96.96969696969697, "percent_covered_display": "97", "missing_lines": 1, "excluded_lines": 0}, "missing_lines": [11], "excluded_lines": [], "functions": {"_coerce_items": {"executed_lines": [10, 12, 13, 14], "summary": {"covered_lines": 4, "num_statements": 5, "percent_covered": 80.0, "percent_covered_display": "80", "missing_lines": 1, "excluded_lines": 0}, "missing_lines": [11], "excluded_lines": []}, "format_skill_groups": {"executed_lines": [21, 23, 24, 26, 37, 38, 39, 40, 42, 44, 46, 48, 51, 52, 53, 54, 56, 57, 59, 60], "summary": {"covered_lines": 20, "num_statements": 20, "percent_covered": 100.0, "percent_covered_display": "100", "missing_lines": 0, "excluded_lines": 0}, "missing_lines": [], "excluded_lines": []}, "format_skill_groups.add_group": {"executed_lines": [27, 28, 29, 30], "summary": {"covered_lines": 4, "num_statements": 4, "percent_covered": 100.0, "percent_covered_display": "100", "missing_lines": 0, "excluded_lines": 0}, "missing_lines": [], "excluded_lines": []}, "": {"executed_lines": [1, 3, 5, 8, 17], "summary": {"covered_lines": 4, "num_statements": 4, "percent_covered": 100.0, "percent_covered_display": "100", "missing_lines": 0, "excluded_lines": 0}, "missing_lines": [], "excluded_lines": []}}, "classes": {"": {"executed_lines": [1, 3, 5, 8, 10, 12, 13, 14, 17, 21, 23, 24, 26, 27, 28, 29, 30, 37, 38, 39, 40, 42, 44, 46, 48, 51, 52, 53, 54, 56, 57, 59, 60], "summary": {"covered_lines": 32, "num_statements": 33, "percent_covered": 96.96969696969697, "percent_covered_display": "97", "missing_lines": 1, "excluded_lines": 0}, "missing_lines": [11], "excluded_lines": []}}}, "src/simple_resume/validation.py": {"executed_lines": [1, 7, 8, 9, 11, 17, 19, 20, 23, 39, 40, 42, 48, 49, 54, 57, 79, 80, 82, 85, 86, 88, 89, 91, 94, 95, 101, 102, 103, 104, 108, 111, 128, 131, 133, 136, 137, 139, 140, 142, 143, 144, 145, 146, 148, 151, 164, 165, 167, 170, 171, 176, 178, 181, 194, 202, 212, 213, 215, 216, 219, 220, 222, 223, 225, 228, 229, 230, 232, 235, 249, 252, 253, 256, 257, 258, 262, 264, 267, 269, 270, 271, 273, 274, 279, 281, 282, 285, 286, 288, 289, 294, 295, 296, 297, 298, 299, 300, 301, 302], "summary": {"covered_lines": 99, "num_statements": 103, "percent_covered": 96.11650485436893, "percent_covered_display": "96", "missing_lines": 4, "excluded_lines": 0}, "missing_lines": [92, 129, 134, 287], "excluded_lines": [], "functions": {"validate_format": {"executed_lines": [39, 40, 42, 48, 49, 54], "summary": {"covered_lines": 6, "num_statements": 6, "percent_covered": 100.0, "percent_covered_display": "100", "missing_lines": 0, "excluded_lines": 0}, "missing_lines": [], "excluded_lines": []}, "validate_file_path": {"executed_lines": [79, 80, 82, 85, 86, 88, 89, 91, 94, 95, 101, 102, 103, 104, 108], "summary": {"covered_lines": 15, "num_statements": 16, "percent_covered": 93.75, "percent_covered_display": "94", "missing_lines": 1, "excluded_lines": 0}, "missing_lines": [92], "excluded_lines": []}, "validate_directory_path": {"executed_lines": [128, 131, 133, 136, 137, 139, 140, 142, 143, 144, 145, 146, 148], "summary": {"covered_lines": 13, "num_statements": 15, "percent_covered": 86.66666666666667, "percent_covered_display": "87", "missing_lines": 2, "excluded_lines": 0}, "missing_lines": [129, 134], "excluded_lines": []}, "validate_template_name": {"executed_lines": [164, 165, 167, 170, 171, 176, 178], "summary": {"covered_lines": 7, "num_statements": 7, "percent_covered": 100.0, "percent_covered_display": "100", "missing_lines": 0, "excluded_lines": 0}, "missing_lines": [], "excluded_lines": []}, "validate_yaml_file": {"executed_lines": [194], "summary": {"covered_lines": 1, "num_statements": 1, "percent_covered": 100.0, "percent_covered_display": "100", "missing_lines": 0, "excluded_lines": 0}, "missing_lines": [], "excluded_lines": []}, "validate_resume_data": {"executed_lines": [212, 213, 215, 216, 219, 220, 222, 223, 225, 228, 229, 230, 232], "summary": {"covered_lines": 13, "num_statements": 13, "percent_covered": 100.0, "percent_covered_display": "100", "missing_lines": 0, "excluded_lines": 0}, "missing_lines": [], "excluded_lines": []}, "validate_output_path": {"executed_lines": [249, 252, 253, 256, 257, 258, 262, 264], "summary": {"covered_lines": 8, "num_statements": 8, "percent_covered": 100.0, "percent_covered_display": "100", "missing_lines": 0, "excluded_lines": 0}, "missing_lines": [], "excluded_lines": []}, "_validate_required_email": {"executed_lines": [269, 270, 271, 273, 274], "summary": {"covered_lines": 5, "num_statements": 5, "percent_covered": 100.0, "percent_covered_display": "100", "missing_lines": 0, "excluded_lines": 0}, "missing_lines": [], "excluded_lines": []}, "_is_date_key": {"executed_lines": [281, 282], "summary": {"covered_lines": 2, "num_statements": 2, "percent_covered": 100.0, "percent_covered_display": "100", "missing_lines": 0, "excluded_lines": 0}, "missing_lines": [], "excluded_lines": []}, "_validate_date_value": {"executed_lines": [286, 288, 289], "summary": {"covered_lines": 3, "num_statements": 4, "percent_covered": 75.0, "percent_covered_display": "75", "missing_lines": 1, "excluded_lines": 0}, "missing_lines": [287], "excluded_lines": []}, "_validate_date_fields": {"executed_lines": [295, 296, 297, 298, 299, 300, 301, 302], "summary": {"covered_lines": 8, "num_statements": 8, "percent_covered": 100.0, "percent_covered_display": "100", "missing_lines": 0, "excluded_lines": 0}, "missing_lines": [], "excluded_lines": []}, "": {"executed_lines": [1, 7, 8, 9, 11, 17, 19, 20, 23, 57, 111, 151, 181, 202, 235, 267, 279, 285, 294], "summary": {"covered_lines": 18, "num_statements": 18, "percent_covered": 100.0, "percent_covered_display": "100", "missing_lines": 0, "excluded_lines": 0}, "missing_lines": [], "excluded_lines": []}}, "classes": {"": {"executed_lines": [1, 7, 8, 9, 11, 17, 19, 20, 23, 39, 40, 42, 48, 49, 54, 57, 79, 80, 82, 85, 86, 88, 89, 91, 94, 95, 101, 102, 103, 104, 108, 111, 128, 131, 133, 136, 137, 139, 140, 142, 143, 144, 145, 146, 148, 151, 164, 165, 167, 170, 171, 176, 178, 181, 194, 202, 212, 213, 215, 216, 219, 220, 222, 223, 225, 228, 229, 230, 232, 235, 249, 252, 253, 256, 257, 258, 262, 264, 267, 269, 270, 271, 273, 274, 279, 281, 282, 285, 286, 288, 289, 294, 295, 296, 297, 298, 299, 300, 301, 302], "summary": {"covered_lines": 99, "num_statements": 103, "percent_covered": 96.11650485436893, "percent_covered_display": "96", "missing_lines": 4, "excluded_lines": 0}, "missing_lines": [92, 129, 134, 287], "excluded_lines": []}}}}, "totals": {"covered_lines": 3269, "num_statements": 3716, "percent_covered": 87.97093649085038, "percent_covered_display": "88", "missing_lines": 447, "excluded_lines": 142}}
